================================================================
  Vivado(TM) HLS - High-Level Synthesis from C, C++ and SystemC
  Version 2017.1
  Build 1846317 on Fri Apr 14 19:19:38 MDT 2017
  Copyright (C) 1986-2017 Xilinx, Inc. All Rights Reserved.
================================================================
INFO: [HLS 200-10] Running '/opt/Xilinx/Vivado_HLS/2017.1/bin/unwrapped/lnx64.o/vivado_hls'
INFO: [HLS 200-10] For user 'mattfel' on host 'london.stanford.edu' (Linux_x86_64 version 3.13.0-32-generic) on Sun Jun 18 19:48:21 PDT 2017
INFO: [HLS 200-10] On os Ubuntu 14.04.5 LTS
INFO: [HLS 200-10] In directory '/local/ssd/home/mattfel/machsuite/stencil/stencil2d'
INFO: [HLS 200-10] Creating and opening project '/local/ssd/home/mattfel/machsuite/stencil/stencil2d/stencil_syn'.
INFO: [HLS 200-10] Adding design file 'stencil.c' to the project
INFO: [HLS 200-10] Adding design file 'input.data' to the project
INFO: [HLS 200-10] Adding design file 'check.data' to the project
INFO: [HLS 200-10] Adding test bench file '../../common/support.c' to the project
INFO: [HLS 200-10] Adding test bench file 'local_support.c' to the project
INFO: [HLS 200-10] Adding test bench file '../../common/harness.c' to the project
INFO: [HLS 200-10] Creating and opening solution '/local/ssd/home/mattfel/machsuite/stencil/stencil2d/stencil_syn/solution'.
INFO: [HLS 200-10] Cleaning up the solution database.
INFO: [HLS 200-10] Setting target device to 'xc7v585tffg1761-2'
INFO: [SYN 201-201] Setting up clock 'default' with a period of 10ns.
WARNING: [HLS 200-40] Skipped source file 'check.data'. Source files must have extensions .c, .C, .cc, .cpp, .c++, .cp, or .cxx.
WARNING: [HLS 200-40] Skipped source file 'input.data'. Source files must have extensions .c, .C, .cc, .cpp, .c++, .cp, or .cxx.
INFO: [HLS 200-10] Analyzing design file 'stencil.c' ... 
INFO: [HLS 200-10] Validating synthesis directives ...
INFO: [HLS 200-111] Finished Checking Pragmas Time (s): cpu = 00:00:05 ; elapsed = 00:00:02 . Memory (MB): peak = 341.961 ; gain = 12.590 ; free physical = 862629 ; free virtual = 998095
INFO: [HLS 200-111] Finished Linking Time (s): cpu = 00:00:05 ; elapsed = 00:00:02 . Memory (MB): peak = 341.961 ; gain = 12.590 ; free physical = 862629 ; free virtual = 998095
INFO: [HLS 200-10] Starting code transformations ...
INFO: [HLS 200-111] Finished Standard Transforms Time (s): cpu = 00:00:05 ; elapsed = 00:00:02 . Memory (MB): peak = 341.961 ; gain = 12.590 ; free physical = 862627 ; free virtual = 998093
INFO: [HLS 200-10] Checking synthesizability ...
INFO: [HLS 200-111] Finished Checking Synthesizability Time (s): cpu = 00:00:05 ; elapsed = 00:00:02 . Memory (MB): peak = 341.961 ; gain = 12.590 ; free physical = 862627 ; free virtual = 998093
INFO: [HLS 200-111] Finished Pre-synthesis Time (s): cpu = 00:00:05 ; elapsed = 00:00:03 . Memory (MB): peak = 469.957 ; gain = 140.586 ; free physical = 862607 ; free virtual = 998073
INFO: [XFORM 203-541] Flattening a loop nest 'stencil_label3' (stencil.c:10:49) in function 'stencil'.
WARNING: [XFORM 203-542] Cannot flatten a loop nest 'stencil_label2' (stencil.c:8:49) in function 'stencil' : 
WARNING: [XFORM 203-542] the outer loop is not a perfect loop because there is nontrivial logic in the loop latch.
INFO: [XFORM 203-541] Flattening a loop nest 'stencil_label1' (stencil.c:7:46) in function 'stencil'.
INFO: [HLS 200-111] Finished Architecture Synthesis Time (s): cpu = 00:00:05 ; elapsed = 00:00:03 . Memory (MB): peak = 469.957 ; gain = 140.586 ; free physical = 862614 ; free virtual = 998081
INFO: [HLS 200-10] Starting hardware synthesis ...
INFO: [HLS 200-10] Synthesizing 'stencil' ...
INFO: [HLS 200-10] ----------------------------------------------------------------
INFO: [HLS 200-10] -- Implementing module 'stencil' 
INFO: [HLS 200-10] ----------------------------------------------------------------
INFO: [SCHED 204-11] Starting scheduling ...
INFO: [SCHED 204-61] Pipelining loop 'stencil_label3_stencil_label4'.
INFO: [SCHED 204-61] Pipelining result: Target II: 1, Final II: 1, Depth: 4.
INFO: [SCHED 204-11] Finished scheduling.
INFO: [HLS 200-111]  Elapsed time: 2.73 seconds; current allocated memory: 58.669 MB.
INFO: [BIND 205-100] Starting micro-architecture generation ...
INFO: [BIND 205-101] Performing variable lifetime analysis.
INFO: [BIND 205-101] Exploring resource sharing.
INFO: [BIND 205-101] Binding ...
INFO: [BIND 205-100] Finished micro-architecture generation.
INFO: [HLS 200-111]  Elapsed time: 0.03 seconds; current allocated memory: 59.049 MB.
INFO: [HLS 200-10] ----------------------------------------------------------------
INFO: [HLS 200-10] -- Generating RTL for module 'stencil' 
INFO: [HLS 200-10] ----------------------------------------------------------------
INFO: [RTGEN 206-500] Setting interface mode on port 'stencil/orig' to 'ap_memory'.
INFO: [RTGEN 206-500] Setting interface mode on port 'stencil/sol' to 'ap_memory'.
INFO: [RTGEN 206-500] Setting interface mode on port 'stencil/filter' to 'ap_memory'.
INFO: [RTGEN 206-500] Setting interface mode on function 'stencil' to 'ap_ctrl_hs'.
INFO: [RTGEN 206-100] Finished creating RTL model for 'stencil'.
INFO: [HLS 200-111]  Elapsed time: 0.06 seconds; current allocated memory: 59.557 MB.
INFO: [HLS 200-111] Finished generating all RTL models Time (s): cpu = 00:00:05 ; elapsed = 00:00:03 . Memory (MB): peak = 469.957 ; gain = 140.586 ; free physical = 862606 ; free virtual = 998073
INFO: [SYSC 207-301] Generating SystemC RTL for stencil.
INFO: [VHDL 208-304] Generating VHDL RTL for stencil.
INFO: [VLOG 209-307] Generating Verilog RTL for stencil.
INFO: [COSIM 212-47] Using XSIM for RTL simulation.
INFO: [COSIM 212-14] Instrumenting C test bench ...
make[1]: Entering directory `/local/ssd/home/mattfel/machsuite/stencil/stencil2d/stencil_syn/solution/sim/wrapc'
   Build using "/opt/Xilinx/Vivado_HLS/2017.1/lnx64/tools/gcc/bin/g++"
   Compiling apatb_stencil.cpp
   Compiling (apcc) harness.c_pre.c.tb.c
INFO: [HLS 200-10] Running '/opt/Xilinx/Vivado_HLS/2017.1/bin/unwrapped/lnx64.o/apcc'
INFO: [HLS 200-10] For user 'mattfel' on host 'london.stanford.edu' (Linux_x86_64 version 3.13.0-32-generic) on Sun Jun 18 19:48:29 PDT 2017
INFO: [HLS 200-10] On os Ubuntu 14.04.5 LTS
INFO: [HLS 200-10] In directory '/local/ssd/home/mattfel/machsuite/stencil/stencil2d/stencil_syn/solution/sim/wrapc'
clang: warning: argument unused during compilation: '-fno-builtin-isinf'
clang: warning: argument unused during compilation: '-fno-builtin-isnan'
In file included from /local/ssd/home/mattfel/machsuite/common/harness.c:6:
/usr/include/x86_64-linux-gnu/sys/stat.h:210:65: warning: unknown attribute '__leaf__' ignored [-Wattributes]
   struct stat *__restrict __buf) __attribute__ ((__nothrow__ , __leaf__)) __attribute__ ((__nonnull__ (1, 2)));
                                                                ^
/usr/include/x86_64-linux-gnu/sys/stat.h:214:79: warning: unknown attribute '__leaf__' ignored [-Wattributes]
extern int fstat (int __fd, struct stat *__buf) __attribute__ ((__nothrow__ , __leaf__)) __attribute__ ((__nonnull__ (2)));
                                                                              ^
/usr/include/x86_64-linux-gnu/sys/stat.h:264:66: warning: unknown attribute '__leaf__' ignored [-Wattributes]
    struct stat *__restrict __buf) __attribute__ ((__nothrow__ , __leaf__)) __attribute__ ((__nonnull__ (1, 2)));
                                                                 ^
/usr/include/x86_64-linux-gnu/sys/stat.h:285:36: warning: unknown attribute '__leaf__' ignored [-Wattributes]
     __attribute__ ((__nothrow__ , __leaf__)) __attribute__ ((__nonnull__ (1)));
                                   ^
/usr/include/x86_64-linux-gnu/sys/stat.h:292:36: warning: unknown attribute '__leaf__' ignored [-Wattributes]
     __attribute__ ((__nothrow__ , __leaf__)) __attribute__ ((__nonnull__ (1)));
                                   ^
/usr/include/x86_64-linux-gnu/sys/stat.h:297:77: warning: unknown attribute '__leaf__' ignored [-Wattributes]
extern int fchmod (int __fd, __mode_t __mode) __attribute__ ((__nothrow__ , __leaf__));
                                                                            ^
/usr/include/x86_64-linux-gnu/sys/stat.h:312:71: warning: unknown attribute '__leaf__' ignored [-Wattributes]
extern __mode_t umask (__mode_t __mask) __attribute__ ((__nothrow__ , __leaf__));
                                                                      ^
/usr/include/x86_64-linux-gnu/sys/stat.h:322:36: warning: unknown attribute '__leaf__' ignored [-Wattributes]
     __attribute__ ((__nothrow__ , __leaf__)) __attribute__ ((__nonnull__ (1)));
                                   ^
/usr/include/x86_64-linux-gnu/sys/stat.h:337:36: warning: unknown attribute '__leaf__' ignored [-Wattributes]
     __attribute__ ((__nothrow__ , __leaf__)) __attribute__ ((__nonnull__ (1)));
                                   ^
/usr/include/x86_64-linux-gnu/sys/stat.h:351:36: warning: unknown attribute '__leaf__' ignored [-Wattributes]
     __attribute__ ((__nothrow__ , __leaf__)) __attribute__ ((__nonnull__ (1)));
                                   ^
/usr/include/x86_64-linux-gnu/sys/stat.h:372:96: warning: unknown attribute '__leaf__' ignored [-Wattributes]
extern int futimens (int __fd, const struct timespec __times[2]) __attribute__ ((__nothrow__ , __leaf__));
                                                                                               ^
/usr/include/x86_64-linux-gnu/sys/stat.h:400:36: warning: unknown attribute '__leaf__' ignored [-Wattributes]
     __attribute__ ((__nothrow__ , __leaf__)) __attribute__ ((__nonnull__ (3)));
                                   ^
/usr/include/x86_64-linux-gnu/sys/stat.h:402:62: warning: unknown attribute '__leaf__' ignored [-Wattributes]
      struct stat *__stat_buf) __attribute__ ((__nothrow__ , __leaf__)) __attribute__ ((__nonnull__ (2, 3)));
                                                             ^
/usr/include/x86_64-linux-gnu/sys/stat.h:404:63: warning: unknown attribute '__leaf__' ignored [-Wattributes]
       struct stat *__stat_buf) __attribute__ ((__nothrow__ , __leaf__)) __attribute__ ((__nonnull__ (2, 3)));
                                                              ^
/usr/include/x86_64-linux-gnu/sys/stat.h:407:36: warning: unknown attribute '__leaf__' ignored [-Wattributes]
     __attribute__ ((__nothrow__ , __leaf__)) __attribute__ ((__nonnull__ (3, 4)));
                                   ^
/usr/include/x86_64-linux-gnu/sys/stat.h:443:54: warning: unknown attribute '__leaf__' ignored [-Wattributes]
       __dev_t *__dev) __attribute__ ((__nothrow__ , __leaf__)) __attribute__ ((__nonnull__ (2, 4)));
                                                     ^
/usr/include/x86_64-linux-gnu/sys/stat.h:447:36: warning: unknown attribute '__leaf__' ignored [-Wattributes]
     __attribute__ ((__nothrow__ , __leaf__)) __attribute__ ((__nonnull__ (3, 5)));
                                   ^
17 warnings generated.
INFO: [APCC 202-3] Tmp directory is /tmp/apcc_db_mattfel/1226321497840510050880
INFO: [APCC 202-1] APCC is done.
   Compiling (apcc) local_support.c_pre.c.tb.c
INFO: [HLS 200-10] Running '/opt/Xilinx/Vivado_HLS/2017.1/bin/unwrapped/lnx64.o/apcc'
INFO: [HLS 200-10] For user 'mattfel' on host 'london.stanford.edu' (Linux_x86_64 version 3.13.0-32-generic) on Sun Jun 18 19:48:31 PDT 2017
INFO: [HLS 200-10] On os Ubuntu 14.04.5 LTS
INFO: [HLS 200-10] In directory '/local/ssd/home/mattfel/machsuite/stencil/stencil2d/stencil_syn/solution/sim/wrapc'
clang: warning: argument unused during compilation: '-fno-builtin-isinf'
clang: warning: argument unused during compilation: '-fno-builtin-isnan'
INFO: [APCC 202-3] Tmp directory is /tmp/apcc_db_mattfel/1226841497840511082298
INFO: [APCC 202-1] APCC is done.
   Compiling (apcc) stencil.c_pre.c.tb.c
INFO: [HLS 200-10] Running '/opt/Xilinx/Vivado_HLS/2017.1/bin/unwrapped/lnx64.o/apcc'
INFO: [HLS 200-10] For user 'mattfel' on host 'london.stanford.edu' (Linux_x86_64 version 3.13.0-32-generic) on Sun Jun 18 19:48:32 PDT 2017
INFO: [HLS 200-10] On os Ubuntu 14.04.5 LTS
INFO: [HLS 200-10] In directory '/local/ssd/home/mattfel/machsuite/stencil/stencil2d/stencil_syn/solution/sim/wrapc'
clang: warning: argument unused during compilation: '-fno-builtin-isinf'
clang: warning: argument unused during compilation: '-fno-builtin-isnan'
INFO: [APCC 202-3] Tmp directory is /tmp/apcc_db_mattfel/1227361497840512114738
INFO: [APCC 202-1] APCC is done.
   Compiling (apcc) support.c_pre.c.tb.c
INFO: [HLS 200-10] Running '/opt/Xilinx/Vivado_HLS/2017.1/bin/unwrapped/lnx64.o/apcc'
INFO: [HLS 200-10] For user 'mattfel' on host 'london.stanford.edu' (Linux_x86_64 version 3.13.0-32-generic) on Sun Jun 18 19:48:33 PDT 2017
INFO: [HLS 200-10] On os Ubuntu 14.04.5 LTS
INFO: [HLS 200-10] In directory '/local/ssd/home/mattfel/machsuite/stencil/stencil2d/stencil_syn/solution/sim/wrapc'
clang: warning: argument unused during compilation: '-fno-builtin-isinf'
clang: warning: argument unused during compilation: '-fno-builtin-isnan'
In file included from /local/ssd/home/mattfel/machsuite/common/support.c:10:
/usr/include/x86_64-linux-gnu/sys/stat.h:210:65: warning: unknown attribute '__leaf__' ignored [-Wattributes]
   struct stat *__restrict __buf) __attribute__ ((__nothrow__ , __leaf__)) __attribute__ ((__nonnull__ (1, 2)));
                                                                ^
/usr/include/x86_64-linux-gnu/sys/stat.h:214:79: warning: unknown attribute '__leaf__' ignored [-Wattributes]
extern int fstat (int __fd, struct stat *__buf) __attribute__ ((__nothrow__ , __leaf__)) __attribute__ ((__nonnull__ (2)));
                                                                              ^
/usr/include/x86_64-linux-gnu/sys/stat.h:264:66: warning: unknown attribute '__leaf__' ignored [-Wattributes]
    struct stat *__restrict __buf) __attribute__ ((__nothrow__ , __leaf__)) __attribute__ ((__nonnull__ (1, 2)));
                                                                 ^
/usr/include/x86_64-linux-gnu/sys/stat.h:285:36: warning: unknown attribute '__leaf__' ignored [-Wattributes]
     __attribute__ ((__nothrow__ , __leaf__)) __attribute__ ((__nonnull__ (1)));
                                   ^
/usr/include/x86_64-linux-gnu/sys/stat.h:292:36: warning: unknown attribute '__leaf__' ignored [-Wattributes]
     __attribute__ ((__nothrow__ , __leaf__)) __attribute__ ((__nonnull__ (1)));
                                   ^
/usr/include/x86_64-linux-gnu/sys/stat.h:297:77: warning: unknown attribute '__leaf__' ignored [-Wattributes]
extern int fchmod (int __fd, __mode_t __mode) __attribute__ ((__nothrow__ , __leaf__));
                                                                            ^
/usr/include/x86_64-linux-gnu/sys/stat.h:312:71: warning: unknown attribute '__leaf__' ignored [-Wattributes]
extern __mode_t umask (__mode_t __mask) __attribute__ ((__nothrow__ , __leaf__));
                                                                      ^
/usr/include/x86_64-linux-gnu/sys/stat.h:322:36: warning: unknown attribute '__leaf__' ignored [-Wattributes]
     __attribute__ ((__nothrow__ , __leaf__)) __attribute__ ((__nonnull__ (1)));
                                   ^
/usr/include/x86_64-linux-gnu/sys/stat.h:337:36: warning: unknown attribute '__leaf__' ignored [-Wattributes]
     __attribute__ ((__nothrow__ , __leaf__)) __attribute__ ((__nonnull__ (1)));
                                   ^
/usr/include/x86_64-linux-gnu/sys/stat.h:351:36: warning: unknown attribute '__leaf__' ignored [-Wattributes]
     __attribute__ ((__nothrow__ , __leaf__)) __attribute__ ((__nonnull__ (1)));
                                   ^
/usr/include/x86_64-linux-gnu/sys/stat.h:372:96: warning: unknown attribute '__leaf__' ignored [-Wattributes]
extern int futimens (int __fd, const struct timespec __times[2]) __attribute__ ((__nothrow__ , __leaf__));
                                                                                               ^
/usr/include/x86_64-linux-gnu/sys/stat.h:400:36: warning: unknown attribute '__leaf__' ignored [-Wattributes]
     __attribute__ ((__nothrow__ , __leaf__)) __attribute__ ((__nonnull__ (3)));
                                   ^
/usr/include/x86_64-linux-gnu/sys/stat.h:402:62: warning: unknown attribute '__leaf__' ignored [-Wattributes]
      struct stat *__stat_buf) __attribute__ ((__nothrow__ , __leaf__)) __attribute__ ((__nonnull__ (2, 3)));
                                                             ^
/usr/include/x86_64-linux-gnu/sys/stat.h:404:63: warning: unknown attribute '__leaf__' ignored [-Wattributes]
       struct stat *__stat_buf) __attribute__ ((__nothrow__ , __leaf__)) __attribute__ ((__nonnull__ (2, 3)));
                                                              ^
/usr/include/x86_64-linux-gnu/sys/stat.h:407:36: warning: unknown attribute '__leaf__' ignored [-Wattributes]
     __attribute__ ((__nothrow__ , __leaf__)) __attribute__ ((__nonnull__ (3, 4)));
                                   ^
/usr/include/x86_64-linux-gnu/sys/stat.h:443:54: warning: unknown attribute '__leaf__' ignored [-Wattributes]
       __dev_t *__dev) __attribute__ ((__nothrow__ , __leaf__)) __attribute__ ((__nonnull__ (2, 4)));
                                                     ^
/usr/include/x86_64-linux-gnu/sys/stat.h:447:36: warning: unknown attribute '__leaf__' ignored [-Wattributes]
     __attribute__ ((__nothrow__ , __leaf__)) __attribute__ ((__nonnull__ (3, 5)));
                                   ^
17 warnings generated.
INFO: [APCC 202-3] Tmp directory is /tmp/apcc_db_mattfel/1227881497840513122066
INFO: [APCC 202-1] APCC is done.
   Generating cosim.tv.exe
make[1]: Leaving directory `/local/ssd/home/mattfel/machsuite/stencil/stencil2d/stencil_syn/solution/sim/wrapc'
INFO: [COSIM 212-302] Starting C TB testing ... 
ERROR: System recieved a signal named SIGSEGV and the program has to stop immediately!
This signal was generated when a program tries to read or write outside the memory that is allocated for it, or to write memory that can only be read.
Possible cause of this problem may be: 1) the depth setting of pointer type argument is much larger than it needed; 2)insufficient depth of array argument; 3)null pointer etc.
Current execution stopped during CodeState = DELETE_CHAR_BUFFERS.
You can search CodeState variable name in apatb*.cpp file under ./sim/wrapc dir to locate the position.

ERROR: [COSIM 212-360] Aborting co-simulation: C TB simulation failed.
ERROR: [COSIM 212-320] C TB testing failed, stop generating test vectors. Please check C TB or re-run cosim.
ERROR: [COSIM 212-4] *** C/RTL co-simulation finished: FAIL ***
command 'ap_source' returned error code
    while executing
"source hls.tcl"
    invoked from within
"hls::main hls.tcl"
    ("uplevel" body line 1)
    invoked from within
"uplevel 1 hls::main {*}$args"
    (procedure "hls_proc" line 5)
    invoked from within
"hls_proc $argv"
INFO: [HLS 200-112] Total elapsed time: 12.74 seconds; peak allocated memory: 59.557 MB.
