==============================================================
File generated by Vivado(TM) HLS - High-Level Synthesis from C, C++ and SystemC
Version: 2017.1
Copyright (C) 1986-2017 Xilinx, Inc. All Rights Reserved.

==============================================================

INFO: [HLS 200-10] Setting target device to 'xc7v585tffg1761-2'
INFO: [SYN 201-201] Setting up clock 'default' with a period of 10ns.
WARNING: [HLS 200-40] Skipped source file 'check.data'. Source files must have extensions .c, .C, .cc, .cpp, .c++, .cp, or .cxx.
WARNING: [HLS 200-40] Skipped source file 'input.data'. Source files must have extensions .c, .C, .cc, .cpp, .c++, .cp, or .cxx.
INFO: [HLS 200-10] Analyzing design file 'gemm.c' ... 
INFO: [HLS 200-10] Validating synthesis directives ...
WARNING: [HLS 200-40] Directive 'PIPELINE' cannot be applied: Label 'outter' does not exist in function 'gemm'. 
INFO: [HLS 200-111] Finished Checking Pragmas Time (s): cpu = 00:00:04 ; elapsed = 00:00:02 . Memory (MB): peak = 341.965 ; gain = 12.590 ; free physical = 860268 ; free virtual = 996784
INFO: [HLS 200-111] Finished Linking Time (s): cpu = 00:00:04 ; elapsed = 00:00:02 . Memory (MB): peak = 341.965 ; gain = 12.590 ; free physical = 860265 ; free virtual = 996782
INFO: [HLS 200-10] Starting code transformations ...
INFO: [HLS 200-111] Finished Standard Transforms Time (s): cpu = 00:00:04 ; elapsed = 00:00:02 . Memory (MB): peak = 341.965 ; gain = 12.590 ; free physical = 860266 ; free virtual = 996783
INFO: [HLS 200-10] Checking synthesizability ...
INFO: [HLS 200-111] Finished Checking Synthesizability Time (s): cpu = 00:00:04 ; elapsed = 00:00:02 . Memory (MB): peak = 341.965 ; gain = 12.590 ; free physical = 860266 ; free virtual = 996783
INFO: [XFORM 203-502] Unrolling all sub-loops inside loop 'middle' (gemm.c:9) in function 'gemm' for pipelining.
WARNING: [XFORM 203-505] Ignored pipeline directive for loop 'inner' (gemm.c:12) because its parent loop or function is pipelined.
INFO: [XFORM 203-501] Unrolling loop 'inner' (gemm.c:12) in function 'gemm' completely.
INFO: [HLS 200-111] Finished Pre-synthesis Time (s): cpu = 00:00:06 ; elapsed = 00:00:03 . Memory (MB): peak = 469.961 ; gain = 140.586 ; free physical = 860240 ; free virtual = 996757
INFO: [XFORM 203-541] Flattening a loop nest 'outer' (gemm.c:8:30) in function 'gemm'.
INFO: [HLS 200-111] Finished Architecture Synthesis Time (s): cpu = 00:00:07 ; elapsed = 00:00:04 . Memory (MB): peak = 469.961 ; gain = 140.586 ; free physical = 860244 ; free virtual = 996761
INFO: [HLS 200-10] Starting hardware synthesis ...
INFO: [HLS 200-10] Synthesizing 'gemm' ...
WARNING: [SYN 201-303] Cannot apply functional unit assignment of 'Mul' (gemm.c:15) on 'dmul' operation ('mult', gemm.c:15) due to incompatible operation sets.
WARNING: [SYN 201-303] Cannot apply functional unit assignment of 'Mul' (gemm.c:15) on 'dmul' operation ('mult_1', gemm.c:15) due to incompatible operation sets.
WARNING: [SYN 201-303] Cannot apply functional unit assignment of 'Mul' (gemm.c:15) on 'dmul' operation ('mult_2', gemm.c:15) due to incompatible operation sets.
WARNING: [SYN 201-303] Cannot apply functional unit assignment of 'Mul' (gemm.c:15) on 'dmul' operation ('mult_3', gemm.c:15) due to incompatible operation sets.
WARNING: [SYN 201-303] Cannot apply functional unit assignment of 'Mul' (gemm.c:15) on 'dmul' operation ('mult_4', gemm.c:15) due to incompatible operation sets.
WARNING: [SYN 201-303] Cannot apply functional unit assignment of 'Mul' (gemm.c:15) on 'dmul' operation ('mult_5', gemm.c:15) due to incompatible operation sets.
WARNING: [SYN 201-303] Cannot apply functional unit assignment of 'Mul' (gemm.c:15) on 'dmul' operation ('mult_6', gemm.c:15) due to incompatible operation sets.
WARNING: [SYN 201-303] Cannot apply functional unit assignment of 'Mul' (gemm.c:15) on 'dmul' operation ('mult_7', gemm.c:15) due to incompatible operation sets.
WARNING: [SYN 201-303] Cannot apply functional unit assignment of 'Mul' (gemm.c:15) on 'dmul' operation ('mult_8', gemm.c:15) due to incompatible operation sets.
WARNING: [SYN 201-303] Cannot apply functional unit assignment of 'Mul' (gemm.c:15) on 'dmul' operation ('mult_9', gemm.c:15) due to incompatible operation sets.
WARNING: [SYN 201-303] Cannot apply functional unit assignment of 'Mul' (gemm.c:15) on 'dmul' operation ('mult_s', gemm.c:15) due to incompatible operation sets.
WARNING: [SYN 201-303] Cannot apply functional unit assignment of 'Mul' (gemm.c:15) on 'dmul' operation ('mult_10', gemm.c:15) due to incompatible operation sets.
WARNING: [SYN 201-303] Cannot apply functional unit assignment of 'Mul' (gemm.c:15) on 'dmul' operation ('mult_11', gemm.c:15) due to incompatible operation sets.
WARNING: [SYN 201-303] Cannot apply functional unit assignment of 'Mul' (gemm.c:15) on 'dmul' operation ('mult_12', gemm.c:15) due to incompatible operation sets.
WARNING: [SYN 201-303] Cannot apply functional unit assignment of 'Mul' (gemm.c:15) on 'dmul' operation ('mult_13', gemm.c:15) due to incompatible operation sets.
WARNING: [SYN 201-303] Cannot apply functional unit assignment of 'Mul' (gemm.c:15) on 'dmul' operation ('mult_14', gemm.c:15) due to incompatible operation sets.
WARNING: [SYN 201-303] Cannot apply functional unit assignment of 'Mul' (gemm.c:15) on 'dmul' operation ('mult_15', gemm.c:15) due to incompatible operation sets.
WARNING: [SYN 201-303] Cannot apply functional unit assignment of 'Mul' (gemm.c:15) on 'dmul' operation ('mult_16', gemm.c:15) due to incompatible operation sets.
WARNING: [SYN 201-303] Cannot apply functional unit assignment of 'Mul' (gemm.c:15) on 'dmul' operation ('mult_17', gemm.c:15) due to incompatible operation sets.
WARNING: [SYN 201-303] Cannot apply functional unit assignment of 'Mul' (gemm.c:15) on 'dmul' operation ('mult_18', gemm.c:15) due to incompatible operation sets.
WARNING: [SYN 201-303] Cannot apply functional unit assignment of 'Mul' (gemm.c:15) on 'dmul' operation ('mult_19', gemm.c:15) due to incompatible operation sets.
WARNING: [SYN 201-303] Cannot apply functional unit assignment of 'Mul' (gemm.c:15) on 'dmul' operation ('mult_20', gemm.c:15) due to incompatible operation sets.
WARNING: [SYN 201-303] Cannot apply functional unit assignment of 'Mul' (gemm.c:15) on 'dmul' operation ('mult_21', gemm.c:15) due to incompatible operation sets.
WARNING: [SYN 201-303] Cannot apply functional unit assignment of 'Mul' (gemm.c:15) on 'dmul' operation ('mult_22', gemm.c:15) due to incompatible operation sets.
WARNING: [SYN 201-303] Cannot apply functional unit assignment of 'Mul' (gemm.c:15) on 'dmul' operation ('mult_23', gemm.c:15) due to incompatible operation sets.
WARNING: [SYN 201-303] Cannot apply functional unit assignment of 'Mul' (gemm.c:15) on 'dmul' operation ('mult_24', gemm.c:15) due to incompatible operation sets.
WARNING: [SYN 201-303] Cannot apply functional unit assignment of 'Mul' (gemm.c:15) on 'dmul' operation ('mult_25', gemm.c:15) due to incompatible operation sets.
WARNING: [SYN 201-303] Cannot apply functional unit assignment of 'Mul' (gemm.c:15) on 'dmul' operation ('mult_26', gemm.c:15) due to incompatible operation sets.
WARNING: [SYN 201-303] Cannot apply functional unit assignment of 'Mul' (gemm.c:15) on 'dmul' operation ('mult_27', gemm.c:15) due to incompatible operation sets.
WARNING: [SYN 201-303] Cannot apply functional unit assignment of 'Mul' (gemm.c:15) on 'dmul' operation ('mult_28', gemm.c:15) due to incompatible operation sets.
WARNING: [SYN 201-303] Cannot apply functional unit assignment of 'Mul' (gemm.c:15) on 'dmul' operation ('mult_29', gemm.c:15) due to incompatible operation sets.
WARNING: [SYN 201-303] Cannot apply functional unit assignment of 'Mul' (gemm.c:15) on 'dmul' operation ('mult_30', gemm.c:15) due to incompatible operation sets.
WARNING: [SYN 201-303] Cannot apply functional unit assignment of 'Mul' (gemm.c:15) on 'dmul' operation ('mult_31', gemm.c:15) due to incompatible operation sets.
WARNING: [SYN 201-303] Cannot apply functional unit assignment of 'Mul' (gemm.c:15) on 'dmul' operation ('mult_32', gemm.c:15) due to incompatible operation sets.
WARNING: [SYN 201-303] Cannot apply functional unit assignment of 'Mul' (gemm.c:15) on 'dmul' operation ('mult_33', gemm.c:15) due to incompatible operation sets.
WARNING: [SYN 201-303] Cannot apply functional unit assignment of 'Mul' (gemm.c:15) on 'dmul' operation ('mult_34', gemm.c:15) due to incompatible operation sets.
WARNING: [SYN 201-303] Cannot apply functional unit assignment of 'Mul' (gemm.c:15) on 'dmul' operation ('mult_35', gemm.c:15) due to incompatible operation sets.
WARNING: [SYN 201-303] Cannot apply functional unit assignment of 'Mul' (gemm.c:15) on 'dmul' operation ('mult_36', gemm.c:15) due to incompatible operation sets.
WARNING: [SYN 201-303] Cannot apply functional unit assignment of 'Mul' (gemm.c:15) on 'dmul' operation ('mult_37', gemm.c:15) due to incompatible operation sets.
WARNING: [SYN 201-303] Cannot apply functional unit assignment of 'Mul' (gemm.c:15) on 'dmul' operation ('mult_38', gemm.c:15) due to incompatible operation sets.
WARNING: [SYN 201-303] Cannot apply functional unit assignment of 'Mul' (gemm.c:15) on 'dmul' operation ('mult_39', gemm.c:15) due to incompatible operation sets.
WARNING: [SYN 201-303] Cannot apply functional unit assignment of 'Mul' (gemm.c:15) on 'dmul' operation ('mult_40', gemm.c:15) due to incompatible operation sets.
WARNING: [SYN 201-303] Cannot apply functional unit assignment of 'Mul' (gemm.c:15) on 'dmul' operation ('mult_41', gemm.c:15) due to incompatible operation sets.
WARNING: [SYN 201-303] Cannot apply functional unit assignment of 'Mul' (gemm.c:15) on 'dmul' operation ('mult_42', gemm.c:15) due to incompatible operation sets.
WARNING: [SYN 201-303] Cannot apply functional unit assignment of 'Mul' (gemm.c:15) on 'dmul' operation ('mult_43', gemm.c:15) due to incompatible operation sets.
WARNING: [SYN 201-303] Cannot apply functional unit assignment of 'Mul' (gemm.c:15) on 'dmul' operation ('mult_44', gemm.c:15) due to incompatible operation sets.
WARNING: [SYN 201-303] Cannot apply functional unit assignment of 'Mul' (gemm.c:15) on 'dmul' operation ('mult_45', gemm.c:15) due to incompatible operation sets.
WARNING: [SYN 201-303] Cannot apply functional unit assignment of 'Mul' (gemm.c:15) on 'dmul' operation ('mult_46', gemm.c:15) due to incompatible operation sets.
WARNING: [SYN 201-303] Cannot apply functional unit assignment of 'Mul' (gemm.c:15) on 'dmul' operation ('mult_47', gemm.c:15) due to incompatible operation sets.
WARNING: [SYN 201-303] Cannot apply functional unit assignment of 'Mul' (gemm.c:15) on 'dmul' operation ('mult_48', gemm.c:15) due to incompatible operation sets.
WARNING: [SYN 201-303] Cannot apply functional unit assignment of 'Mul' (gemm.c:15) on 'dmul' operation ('mult_49', gemm.c:15) due to incompatible operation sets.
WARNING: [SYN 201-303] Cannot apply functional unit assignment of 'Mul' (gemm.c:15) on 'dmul' operation ('mult_50', gemm.c:15) due to incompatible operation sets.
WARNING: [SYN 201-303] Cannot apply functional unit assignment of 'Mul' (gemm.c:15) on 'dmul' operation ('mult_51', gemm.c:15) due to incompatible operation sets.
WARNING: [SYN 201-303] Cannot apply functional unit assignment of 'Mul' (gemm.c:15) on 'dmul' operation ('mult_52', gemm.c:15) due to incompatible operation sets.
WARNING: [SYN 201-303] Cannot apply functional unit assignment of 'Mul' (gemm.c:15) on 'dmul' operation ('mult_53', gemm.c:15) due to incompatible operation sets.
WARNING: [SYN 201-303] Cannot apply functional unit assignment of 'Mul' (gemm.c:15) on 'dmul' operation ('mult_54', gemm.c:15) due to incompatible operation sets.
WARNING: [SYN 201-303] Cannot apply functional unit assignment of 'Mul' (gemm.c:15) on 'dmul' operation ('mult_55', gemm.c:15) due to incompatible operation sets.
WARNING: [SYN 201-303] Cannot apply functional unit assignment of 'Mul' (gemm.c:15) on 'dmul' operation ('mult_56', gemm.c:15) due to incompatible operation sets.
WARNING: [SYN 201-303] Cannot apply functional unit assignment of 'Mul' (gemm.c:15) on 'dmul' operation ('mult_57', gemm.c:15) due to incompatible operation sets.
WARNING: [SYN 201-303] Cannot apply functional unit assignment of 'Mul' (gemm.c:15) on 'dmul' operation ('mult_58', gemm.c:15) due to incompatible operation sets.
WARNING: [SYN 201-303] Cannot apply functional unit assignment of 'Mul' (gemm.c:15) on 'dmul' operation ('mult_59', gemm.c:15) due to incompatible operation sets.
WARNING: [SYN 201-303] Cannot apply functional unit assignment of 'Mul' (gemm.c:15) on 'dmul' operation ('mult_60', gemm.c:15) due to incompatible operation sets.
WARNING: [SYN 201-303] Cannot apply functional unit assignment of 'Mul' (gemm.c:15) on 'dmul' operation ('mult_61', gemm.c:15) due to incompatible operation sets.
WARNING: [SYN 201-303] Cannot apply functional unit assignment of 'Mul' (gemm.c:15) on 'dmul' operation ('mult_62', gemm.c:15) due to incompatible operation sets.
INFO: [HLS 200-10] ----------------------------------------------------------------
INFO: [HLS 200-10] -- Implementing module 'gemm' 
INFO: [HLS 200-10] ----------------------------------------------------------------
INFO: [SCHED 204-11] Starting scheduling ...
INFO: [SCHED 204-61] Pipelining loop 'outer_middle'.
WARNING: [SCHED 204-69] Unable to schedule 'load' operation ('m1_load_2', gemm.c:15) on array 'm1' due to limited memory ports.
INFO: [SCHED 204-61] Pipelining result: Target II: 1, Final II: 32, Depth: 267.
INFO: [SCHED 204-11] Finished scheduling.
INFO: [HLS 200-111]  Elapsed time: 6.56 seconds; current allocated memory: 67.308 MB.
INFO: [BIND 205-100] Starting micro-architecture generation ...
INFO: [BIND 205-101] Performing variable lifetime analysis.
INFO: [BIND 205-101] Exploring resource sharing.
INFO: [BIND 205-101] Binding ...
INFO: [BIND 205-100] Finished micro-architecture generation.
INFO: [HLS 200-111]  Elapsed time: 0.56 seconds; current allocated memory: 71.363 MB.
INFO: [HLS 200-10] ----------------------------------------------------------------
INFO: [HLS 200-10] -- Generating RTL for module 'gemm' 
INFO: [HLS 200-10] ----------------------------------------------------------------
INFO: [RTGEN 206-500] Setting interface mode on port 'gemm/m1' to 'ap_memory'.
INFO: [RTGEN 206-500] Setting interface mode on port 'gemm/m2' to 'ap_memory'.
INFO: [RTGEN 206-500] Setting interface mode on port 'gemm/prod' to 'ap_memory'.
INFO: [RTGEN 206-500] Setting interface mode on function 'gemm' to 'ap_ctrl_hs'.
INFO: [SYN 201-210] Renamed object name 'gemm_dadd_64ns_64ns_64_4_full_dsp' to 'gemm_dadd_64ns_64bkb' due to the length limit 20
INFO: [SYN 201-210] Renamed object name 'gemm_dmul_64ns_64ns_64_5_max_dsp' to 'gemm_dmul_64ns_64cud' due to the length limit 20
INFO: [RTGEN 206-100] Generating core module 'gemm_dadd_64ns_64bkb': 2 instance(s).
INFO: [RTGEN 206-100] Generating core module 'gemm_dmul_64ns_64cud': 2 instance(s).
INFO: [RTGEN 206-100] Finished creating RTL model for 'gemm'.
INFO: [HLS 200-111]  Elapsed time: 0.48 seconds; current allocated memory: 76.030 MB.
INFO: [HLS 200-111] Finished generating all RTL models Time (s): cpu = 00:00:11 ; elapsed = 00:00:09 . Memory (MB): peak = 469.961 ; gain = 140.586 ; free physical = 861377 ; free virtual = 997903
INFO: [SYSC 207-301] Generating SystemC RTL for gemm.
INFO: [VHDL 208-304] Generating VHDL RTL for gemm.
INFO: [VLOG 209-307] Generating Verilog RTL for gemm.
INFO: [COSIM 212-47] Using XSIM for RTL simulation.
INFO: [COSIM 212-14] Instrumenting C test bench ...
ERROR: [COSIM 212-44] Input file: /local/ssd/home/mattfel/machsuite/gemm/ncubed/gemm_hls/solution/./sim/autowrap/testbench/local_support.c_pre.c.line.c
Output file: /local/ssd/home/mattfel/machsuite/gemm/ncubed/gemm_hls/solution/sim/autowrap/testbench/local_support.c_pre.c.tb.c.line
Done.
Picked up _JAVA_OPTIONS: -Xmx16g
ERROR: [COSIM 212-44] Input file: /local/ssd/home/mattfel/machsuite/gemm/ncubed/gemm_hls/solution/./sim/autowrap/testbench/support.c_pre.c.line.c
Output file: /local/ssd/home/mattfel/machsuite/gemm/ncubed/gemm_hls/solution/sim/autowrap/testbench/support.c_pre.c.tb.c.line
Done.
Picked up _JAVA_OPTIONS: -Xmx16g
ERROR: [COSIM 212-44] Input file: /local/ssd/home/mattfel/machsuite/gemm/ncubed/gemm_hls/solution/./sim/autowrap/testbench/harness.c_pre.c.line.c
Output file: /local/ssd/home/mattfel/machsuite/gemm/ncubed/gemm_hls/solution/sim/autowrap/testbench/harness.c_pre.c.tb.c.line
Done.
Picked up _JAVA_OPTIONS: -Xmx16g
ERROR: [COSIM 212-44] Input file: /local/ssd/home/mattfel/machsuite/gemm/ncubed/gemm_hls/solution/./sim/autowrap/testbench/gemm.c_pre.c.line.c
Output file: /local/ssd/home/mattfel/machsuite/gemm/ncubed/gemm_hls/solution/sim/autowrap/testbench/gemm.c_pre.c.tb.c.line
Done.
Picked up _JAVA_OPTIONS: -Xmx16g
INFO: [COSIM 212-302] Starting C TB testing ... 
ERROR: [COSIM 212-360] Aborting co-simulation: C TB simulation failed.
ERROR: [COSIM 212-320] C TB testing failed, stop generating test vectors. Please check C TB or re-run cosim.
ERROR: [COSIM 212-4] *** C/RTL co-simulation finished: FAIL ***
command 'ap_source' returned error code
    while executing
"source hls.tcl"
    invoked from within
"hls::main hls.tcl"
    ("uplevel" body line 1)
    invoked from within
"uplevel 1 hls::main {*}$args"
    (procedure "hls_proc" line 5)
    invoked from within
"hls_proc $argv"
INFO: [HLS 200-112] Total elapsed time: 18.15 seconds; peak allocated memory: 76.030 MB.
