================================================================
  Vivado(TM) HLS - High-Level Synthesis from C, C++ and SystemC
  Version 2017.1
  Build 1846317 on Fri Apr 14 19:19:38 MDT 2017
  Copyright (C) 1986-2017 Xilinx, Inc. All Rights Reserved.
================================================================
INFO: [HLS 200-10] Running '/opt/Xilinx/Vivado_HLS/2017.1/bin/unwrapped/lnx64.o/vivado_hls'
INFO: [HLS 200-10] For user 'mattfel' on host 'london.stanford.edu' (Linux_x86_64 version 3.13.0-32-generic) on Sun Jun 18 19:37:28 PDT 2017
INFO: [HLS 200-10] On os Ubuntu 14.04.5 LTS
INFO: [HLS 200-10] In directory '/local/ssd/home/mattfel/machsuite/md/knn'
INFO: [HLS 200-10] Creating and opening project '/local/ssd/home/mattfel/machsuite/md/knn/knn_syn'.
INFO: [HLS 200-10] Adding design file 'md.c' to the project
INFO: [HLS 200-10] Adding design file 'support.h' to the project
INFO: [HLS 200-10] Adding test bench file '../../common/harness.c' to the project
INFO: [HLS 200-10] Adding test bench file '../../common/support.c' to the project
INFO: [HLS 200-10] Adding test bench file 'local_support.c' to the project
INFO: [HLS 200-10] Adding design file 'input.data' to the project
INFO: [HLS 200-10] Adding design file 'check.data' to the project
INFO: [HLS 200-10] Creating and opening solution '/local/ssd/home/mattfel/machsuite/md/knn/knn_syn/solution'.
INFO: [HLS 200-10] Cleaning up the solution database.
INFO: [HLS 200-10] Setting target device to 'xc7v585tffg1761-2'
INFO: [SYN 201-201] Setting up clock 'default' with a period of 10ns.
WARNING: [HLS 200-40] Skipped source file 'check.data'. Source files must have extensions .c, .C, .cc, .cpp, .c++, .cp, or .cxx.
WARNING: [HLS 200-40] Skipped source file 'input.data'. Source files must have extensions .c, .C, .cc, .cpp, .c++, .cp, or .cxx.
INFO: [HLS 200-10] Analyzing design file 'md.c' ... 
INFO: [HLS 200-10] Validating synthesis directives ...
INFO: [HLS 200-111] Finished Checking Pragmas Time (s): cpu = 00:00:04 ; elapsed = 00:00:02 . Memory (MB): peak = 341.965 ; gain = 12.590 ; free physical = 862989 ; free virtual = 998158
INFO: [HLS 200-111] Finished Linking Time (s): cpu = 00:00:04 ; elapsed = 00:00:02 . Memory (MB): peak = 341.965 ; gain = 12.590 ; free physical = 862987 ; free virtual = 998156
INFO: [HLS 200-10] Starting code transformations ...
INFO: [HLS 200-111] Finished Standard Transforms Time (s): cpu = 00:00:04 ; elapsed = 00:00:02 . Memory (MB): peak = 341.965 ; gain = 12.590 ; free physical = 862986 ; free virtual = 998155
INFO: [HLS 200-10] Checking synthesizability ...
INFO: [HLS 200-111] Finished Checking Synthesizability Time (s): cpu = 00:00:04 ; elapsed = 00:00:02 . Memory (MB): peak = 341.965 ; gain = 12.590 ; free physical = 862986 ; free virtual = 998155
INFO: [HLS 200-111] Finished Pre-synthesis Time (s): cpu = 00:00:04 ; elapsed = 00:00:02 . Memory (MB): peak = 469.961 ; gain = 140.586 ; free physical = 862966 ; free virtual = 998135
INFO: [HLS 200-111] Finished Architecture Synthesis Time (s): cpu = 00:00:04 ; elapsed = 00:00:02 . Memory (MB): peak = 469.961 ; gain = 140.586 ; free physical = 862974 ; free virtual = 998143
INFO: [HLS 200-10] Starting hardware synthesis ...
INFO: [HLS 200-10] Synthesizing 'md_kernel' ...
INFO: [HLS 200-10] ----------------------------------------------------------------
INFO: [HLS 200-10] -- Implementing module 'md_kernel' 
INFO: [HLS 200-10] ----------------------------------------------------------------
INFO: [SCHED 204-11] Starting scheduling ...
INFO: [SCHED 204-11] Finished scheduling.
INFO: [HLS 200-111]  Elapsed time: 2.59 seconds; current allocated memory: 58.853 MB.
INFO: [BIND 205-100] Starting micro-architecture generation ...
INFO: [BIND 205-101] Performing variable lifetime analysis.
INFO: [BIND 205-101] Exploring resource sharing.
INFO: [BIND 205-101] Binding ...
INFO: [BIND 205-100] Finished micro-architecture generation.
INFO: [HLS 200-111]  Elapsed time: 0.04 seconds; current allocated memory: 59.470 MB.
INFO: [HLS 200-10] ----------------------------------------------------------------
INFO: [HLS 200-10] -- Generating RTL for module 'md_kernel' 
INFO: [HLS 200-10] ----------------------------------------------------------------
INFO: [RTGEN 206-500] Setting interface mode on port 'md_kernel/force_x' to 'ap_memory'.
INFO: [RTGEN 206-500] Setting interface mode on port 'md_kernel/force_y' to 'ap_memory'.
INFO: [RTGEN 206-500] Setting interface mode on port 'md_kernel/force_z' to 'ap_memory'.
INFO: [RTGEN 206-500] Setting interface mode on port 'md_kernel/position_x' to 'ap_memory'.
INFO: [RTGEN 206-500] Setting interface mode on port 'md_kernel/position_y' to 'ap_memory'.
INFO: [RTGEN 206-500] Setting interface mode on port 'md_kernel/position_z' to 'ap_memory'.
INFO: [RTGEN 206-500] Setting interface mode on port 'md_kernel/NL' to 'ap_memory'.
INFO: [RTGEN 206-500] Setting interface mode on function 'md_kernel' to 'ap_ctrl_hs'.
INFO: [SYN 201-210] Renamed object name 'md_kernel_dadddsub_64ns_64ns_64_4_full_dsp' to 'md_kernel_dadddsubkb' due to the length limit 20
INFO: [SYN 201-210] Renamed object name 'md_kernel_dmul_64ns_64ns_64_5_max_dsp' to 'md_kernel_dmul_64cud' due to the length limit 20
INFO: [SYN 201-210] Renamed object name 'md_kernel_ddiv_64ns_64ns_64_17' to 'md_kernel_ddiv_64dEe' due to the length limit 20
INFO: [RTGEN 206-100] Generating core module 'md_kernel_dadddsubkb': 3 instance(s).
INFO: [RTGEN 206-100] Generating core module 'md_kernel_ddiv_64dEe': 1 instance(s).
INFO: [RTGEN 206-100] Generating core module 'md_kernel_dmul_64cud': 3 instance(s).
INFO: [RTGEN 206-100] Finished creating RTL model for 'md_kernel'.
INFO: [HLS 200-111]  Elapsed time: 0.08 seconds; current allocated memory: 60.555 MB.
INFO: [HLS 200-111] Finished generating all RTL models Time (s): cpu = 00:00:05 ; elapsed = 00:00:03 . Memory (MB): peak = 469.965 ; gain = 140.590 ; free physical = 862964 ; free virtual = 998134
INFO: [SYSC 207-301] Generating SystemC RTL for md_kernel.
INFO: [VHDL 208-304] Generating VHDL RTL for md_kernel.
INFO: [VLOG 209-307] Generating Verilog RTL for md_kernel.
INFO: [COSIM 212-47] Using XSIM for RTL simulation.
INFO: [COSIM 212-14] Instrumenting C test bench ...
make[1]: Entering directory `/local/ssd/home/mattfel/machsuite/md/knn/knn_syn/solution/sim/wrapc'
   Build using "/opt/Xilinx/Vivado_HLS/2017.1/lnx64/tools/gcc/bin/g++"
   Compiling apatb_md_kernel.cpp
   Compiling (apcc) harness.c_pre.c.tb.c
INFO: [HLS 200-10] Running '/opt/Xilinx/Vivado_HLS/2017.1/bin/unwrapped/lnx64.o/apcc'
INFO: [HLS 200-10] For user 'mattfel' on host 'london.stanford.edu' (Linux_x86_64 version 3.13.0-32-generic) on Sun Jun 18 19:37:37 PDT 2017
INFO: [HLS 200-10] On os Ubuntu 14.04.5 LTS
INFO: [HLS 200-10] In directory '/local/ssd/home/mattfel/machsuite/md/knn/knn_syn/solution/sim/wrapc'
clang: warning: argument unused during compilation: '-fno-builtin-isinf'
clang: warning: argument unused during compilation: '-fno-builtin-isnan'
In file included from /local/ssd/home/mattfel/machsuite/common/harness.c:6:
/usr/include/x86_64-linux-gnu/sys/stat.h:210:65: warning: unknown attribute '__leaf__' ignored [-Wattributes]
   struct stat *__restrict __buf) __attribute__ ((__nothrow__ , __leaf__)) __attribute__ ((__nonnull__ (1, 2)));
                                                                ^
/usr/include/x86_64-linux-gnu/sys/stat.h:214:79: warning: unknown attribute '__leaf__' ignored [-Wattributes]
extern int fstat (int __fd, struct stat *__buf) __attribute__ ((__nothrow__ , __leaf__)) __attribute__ ((__nonnull__ (2)));
                                                                              ^
/usr/include/x86_64-linux-gnu/sys/stat.h:264:66: warning: unknown attribute '__leaf__' ignored [-Wattributes]
    struct stat *__restrict __buf) __attribute__ ((__nothrow__ , __leaf__)) __attribute__ ((__nonnull__ (1, 2)));
                                                                 ^
/usr/include/x86_64-linux-gnu/sys/stat.h:285:36: warning: unknown attribute '__leaf__' ignored [-Wattributes]
     __attribute__ ((__nothrow__ , __leaf__)) __attribute__ ((__nonnull__ (1)));
                                   ^
/usr/include/x86_64-linux-gnu/sys/stat.h:292:36: warning: unknown attribute '__leaf__' ignored [-Wattributes]
     __attribute__ ((__nothrow__ , __leaf__)) __attribute__ ((__nonnull__ (1)));
                                   ^
/usr/include/x86_64-linux-gnu/sys/stat.h:297:77: warning: unknown attribute '__leaf__' ignored [-Wattributes]
extern int fchmod (int __fd, __mode_t __mode) __attribute__ ((__nothrow__ , __leaf__));
                                                                            ^
/usr/include/x86_64-linux-gnu/sys/stat.h:312:71: warning: unknown attribute '__leaf__' ignored [-Wattributes]
extern __mode_t umask (__mode_t __mask) __attribute__ ((__nothrow__ , __leaf__));
                                                                      ^
/usr/include/x86_64-linux-gnu/sys/stat.h:322:36: warning: unknown attribute '__leaf__' ignored [-Wattributes]
     __attribute__ ((__nothrow__ , __leaf__)) __attribute__ ((__nonnull__ (1)));
                                   ^
/usr/include/x86_64-linux-gnu/sys/stat.h:337:36: warning: unknown attribute '__leaf__' ignored [-Wattributes]
     __attribute__ ((__nothrow__ , __leaf__)) __attribute__ ((__nonnull__ (1)));
                                   ^
/usr/include/x86_64-linux-gnu/sys/stat.h:351:36: warning: unknown attribute '__leaf__' ignored [-Wattributes]
     __attribute__ ((__nothrow__ , __leaf__)) __attribute__ ((__nonnull__ (1)));
                                   ^
/usr/include/x86_64-linux-gnu/sys/stat.h:372:96: warning: unknown attribute '__leaf__' ignored [-Wattributes]
extern int futimens (int __fd, const struct timespec __times[2]) __attribute__ ((__nothrow__ , __leaf__));
                                                                                               ^
/usr/include/x86_64-linux-gnu/sys/stat.h:400:36: warning: unknown attribute '__leaf__' ignored [-Wattributes]
     __attribute__ ((__nothrow__ , __leaf__)) __attribute__ ((__nonnull__ (3)));
                                   ^
/usr/include/x86_64-linux-gnu/sys/stat.h:402:62: warning: unknown attribute '__leaf__' ignored [-Wattributes]
      struct stat *__stat_buf) __attribute__ ((__nothrow__ , __leaf__)) __attribute__ ((__nonnull__ (2, 3)));
                                                             ^
/usr/include/x86_64-linux-gnu/sys/stat.h:404:63: warning: unknown attribute '__leaf__' ignored [-Wattributes]
       struct stat *__stat_buf) __attribute__ ((__nothrow__ , __leaf__)) __attribute__ ((__nonnull__ (2, 3)));
                                                              ^
/usr/include/x86_64-linux-gnu/sys/stat.h:407:36: warning: unknown attribute '__leaf__' ignored [-Wattributes]
     __attribute__ ((__nothrow__ , __leaf__)) __attribute__ ((__nonnull__ (3, 4)));
                                   ^
/usr/include/x86_64-linux-gnu/sys/stat.h:443:54: warning: unknown attribute '__leaf__' ignored [-Wattributes]
       __dev_t *__dev) __attribute__ ((__nothrow__ , __leaf__)) __attribute__ ((__nonnull__ (2, 4)));
                                                     ^
/usr/include/x86_64-linux-gnu/sys/stat.h:447:36: warning: unknown attribute '__leaf__' ignored [-Wattributes]
     __attribute__ ((__nothrow__ , __leaf__)) __attribute__ ((__nonnull__ (3, 5)));
                                   ^
17 warnings generated.
INFO: [APCC 202-3] Tmp directory is /tmp/apcc_db_mattfel/1069881497839857289170
INFO: [APCC 202-1] APCC is done.
   Compiling (apcc) local_support.c_pre.c.tb.c
INFO: [HLS 200-10] Running '/opt/Xilinx/Vivado_HLS/2017.1/bin/unwrapped/lnx64.o/apcc'
INFO: [HLS 200-10] For user 'mattfel' on host 'london.stanford.edu' (Linux_x86_64 version 3.13.0-32-generic) on Sun Jun 18 19:37:38 PDT 2017
INFO: [HLS 200-10] On os Ubuntu 14.04.5 LTS
INFO: [HLS 200-10] In directory '/local/ssd/home/mattfel/machsuite/md/knn/knn_syn/solution/sim/wrapc'
clang: warning: argument unused during compilation: '-fno-builtin-isinf'
clang: warning: argument unused during compilation: '-fno-builtin-isnan'
INFO: [APCC 202-3] Tmp directory is /tmp/apcc_db_mattfel/1070411497839858272386
INFO: [APCC 202-1] APCC is done.
   Compiling (apcc) md.c_pre.c.tb.c
INFO: [HLS 200-10] Running '/opt/Xilinx/Vivado_HLS/2017.1/bin/unwrapped/lnx64.o/apcc'
INFO: [HLS 200-10] For user 'mattfel' on host 'london.stanford.edu' (Linux_x86_64 version 3.13.0-32-generic) on Sun Jun 18 19:37:39 PDT 2017
INFO: [HLS 200-10] On os Ubuntu 14.04.5 LTS
INFO: [HLS 200-10] In directory '/local/ssd/home/mattfel/machsuite/md/knn/knn_syn/solution/sim/wrapc'
clang: warning: argument unused during compilation: '-fno-builtin-isinf'
clang: warning: argument unused during compilation: '-fno-builtin-isnan'
INFO: [APCC 202-3] Tmp directory is /tmp/apcc_db_mattfel/1070931497839859378146
INFO: [APCC 202-1] APCC is done.
   Compiling (apcc) support.c_pre.c.tb.c
INFO: [HLS 200-10] Running '/opt/Xilinx/Vivado_HLS/2017.1/bin/unwrapped/lnx64.o/apcc'
INFO: [HLS 200-10] For user 'mattfel' on host 'london.stanford.edu' (Linux_x86_64 version 3.13.0-32-generic) on Sun Jun 18 19:37:40 PDT 2017
INFO: [HLS 200-10] On os Ubuntu 14.04.5 LTS
INFO: [HLS 200-10] In directory '/local/ssd/home/mattfel/machsuite/md/knn/knn_syn/solution/sim/wrapc'
clang: warning: argument unused during compilation: '-fno-builtin-isinf'
clang: warning: argument unused during compilation: '-fno-builtin-isnan'
In file included from /local/ssd/home/mattfel/machsuite/common/support.c:10:
/usr/include/x86_64-linux-gnu/sys/stat.h:210:65: warning: unknown attribute '__leaf__' ignored [-Wattributes]
   struct stat *__restrict __buf) __attribute__ ((__nothrow__ , __leaf__)) __attribute__ ((__nonnull__ (1, 2)));
                                                                ^
/usr/include/x86_64-linux-gnu/sys/stat.h:214:79: warning: unknown attribute '__leaf__' ignored [-Wattributes]
extern int fstat (int __fd, struct stat *__buf) __attribute__ ((__nothrow__ , __leaf__)) __attribute__ ((__nonnull__ (2)));
                                                                              ^
/usr/include/x86_64-linux-gnu/sys/stat.h:264:66: warning: unknown attribute '__leaf__' ignored [-Wattributes]
    struct stat *__restrict __buf) __attribute__ ((__nothrow__ , __leaf__)) __attribute__ ((__nonnull__ (1, 2)));
                                                                 ^
/usr/include/x86_64-linux-gnu/sys/stat.h:285:36: warning: unknown attribute '__leaf__' ignored [-Wattributes]
     __attribute__ ((__nothrow__ , __leaf__)) __attribute__ ((__nonnull__ (1)));
                                   ^
/usr/include/x86_64-linux-gnu/sys/stat.h:292:36: warning: unknown attribute '__leaf__' ignored [-Wattributes]
     __attribute__ ((__nothrow__ , __leaf__)) __attribute__ ((__nonnull__ (1)));
                                   ^
/usr/include/x86_64-linux-gnu/sys/stat.h:297:77: warning: unknown attribute '__leaf__' ignored [-Wattributes]
extern int fchmod (int __fd, __mode_t __mode) __attribute__ ((__nothrow__ , __leaf__));
                                                                            ^
/usr/include/x86_64-linux-gnu/sys/stat.h:312:71: warning: unknown attribute '__leaf__' ignored [-Wattributes]
extern __mode_t umask (__mode_t __mask) __attribute__ ((__nothrow__ , __leaf__));
                                                                      ^
/usr/include/x86_64-linux-gnu/sys/stat.h:322:36: warning: unknown attribute '__leaf__' ignored [-Wattributes]
     __attribute__ ((__nothrow__ , __leaf__)) __attribute__ ((__nonnull__ (1)));
                                   ^
/usr/include/x86_64-linux-gnu/sys/stat.h:337:36: warning: unknown attribute '__leaf__' ignored [-Wattributes]
     __attribute__ ((__nothrow__ , __leaf__)) __attribute__ ((__nonnull__ (1)));
                                   ^
/usr/include/x86_64-linux-gnu/sys/stat.h:351:36: warning: unknown attribute '__leaf__' ignored [-Wattributes]
     __attribute__ ((__nothrow__ , __leaf__)) __attribute__ ((__nonnull__ (1)));
                                   ^
/usr/include/x86_64-linux-gnu/sys/stat.h:372:96: warning: unknown attribute '__leaf__' ignored [-Wattributes]
extern int futimens (int __fd, const struct timespec __times[2]) __attribute__ ((__nothrow__ , __leaf__));
                                                                                               ^
/usr/include/x86_64-linux-gnu/sys/stat.h:400:36: warning: unknown attribute '__leaf__' ignored [-Wattributes]
     __attribute__ ((__nothrow__ , __leaf__)) __attribute__ ((__nonnull__ (3)));
                                   ^
/usr/include/x86_64-linux-gnu/sys/stat.h:402:62: warning: unknown attribute '__leaf__' ignored [-Wattributes]
      struct stat *__stat_buf) __attribute__ ((__nothrow__ , __leaf__)) __attribute__ ((__nonnull__ (2, 3)));
                                                             ^
/usr/include/x86_64-linux-gnu/sys/stat.h:404:63: warning: unknown attribute '__leaf__' ignored [-Wattributes]
       struct stat *__stat_buf) __attribute__ ((__nothrow__ , __leaf__)) __attribute__ ((__nonnull__ (2, 3)));
                                                              ^
/usr/include/x86_64-linux-gnu/sys/stat.h:407:36: warning: unknown attribute '__leaf__' ignored [-Wattributes]
     __attribute__ ((__nothrow__ , __leaf__)) __attribute__ ((__nonnull__ (3, 4)));
                                   ^
/usr/include/x86_64-linux-gnu/sys/stat.h:443:54: warning: unknown attribute '__leaf__' ignored [-Wattributes]
       __dev_t *__dev) __attribute__ ((__nothrow__ , __leaf__)) __attribute__ ((__nonnull__ (2, 4)));
                                                     ^
/usr/include/x86_64-linux-gnu/sys/stat.h:447:36: warning: unknown attribute '__leaf__' ignored [-Wattributes]
     __attribute__ ((__nothrow__ , __leaf__)) __attribute__ ((__nonnull__ (3, 5)));
                                   ^
17 warnings generated.
INFO: [APCC 202-3] Tmp directory is /tmp/apcc_db_mattfel/1071451497839860365256
INFO: [APCC 202-1] APCC is done.
   Generating cosim.tv.exe
make[1]: Leaving directory `/local/ssd/home/mattfel/machsuite/md/knn/knn_syn/solution/sim/wrapc'
INFO: [COSIM 212-302] Starting C TB testing ... 
cosim.tv.exe: /local/ssd/home/mattfel/machsuite/common/support.c:22: int fd_printf(int, const char *, ...): Assertion `buffered<256 && "Overran fd_printf buffer---output possibly corrupt"' failed.
ERROR: [COSIM 212-360] Aborting co-simulation: C TB simulation failed.
ERROR: [COSIM 212-320] C TB testing failed, stop generating test vectors. Please check C TB or re-run cosim.
ERROR: [COSIM 212-4] *** C/RTL co-simulation finished: FAIL ***
command 'ap_source' returned error code
    while executing
"source hls.tcl"
    invoked from within
"hls::main hls.tcl"
    ("uplevel" body line 1)
    invoked from within
"uplevel 1 hls::main {*}$args"
    (procedure "hls_proc" line 5)
    invoked from within
"hls_proc $argv"
INFO: [HLS 200-112] Total elapsed time: 12.67 seconds; peak allocated memory: 60.555 MB.
