INFO: [HLS 200-0] Workspace /local/ssd/home/mattfel/machsuite/gemm/ncubed/gemm_hls/solution opened at Mon Jun 19 16:43:25 PDT 2017
INFO: [HLS 200-100] Command   open_solution returned 0; 0.01 sec.
INFO: [HLS 200-100] Execute   set_part virtex7 
INFO: [HLS 200-100] Execute     add_library xilinx/virtex7/virtex7:xc7v585t:ffg1761:-2 
INFO: [HLS 200-100] Execute       get_default_platform 
INFO: [HLS 200-100] Command       get_default_platform returned 0; 0 sec.
INFO: [HLS 200-100] Execute       license_isbetapart xc7v585t 
INFO: [HLS 200-100] Command       license_isbetapart returned 1; 0.01 sec.
INFO: [HLS 200-100] Execute       open_platform DefaultPlatform 
INFO: [HLS 200-100] Command       open_platform returned 0; 0 sec.
INFO: [HLS 200-100] Execute       import_lib /opt/Xilinx/Vivado_HLS/2017.1/common/technology/xilinx/virtex7/virtex7 
INFO: [HLS 200-100] Execute         source /opt/Xilinx/Vivado_HLS/2017.1/common/technology/xilinx/common/xilinx.lib 
INFO: [HLS 200-100] Execute           source /opt/Xilinx/Vivado_HLS/2017.1/common/technology/xilinx/interface/xilinx_interface.lib 
INFO: [HLS 200-100] Execute             source /opt/Xilinx/Vivado_HLS/2017.1/common/technology/xilinx/interface/plb46.lib 
INFO: [HLS 200-100] Command             ap_source returned 0; 0 sec.
INFO: [HLS 200-100] Execute             source /opt/Xilinx/Vivado_HLS/2017.1/common/technology/xilinx/interface/fsl.lib 
INFO: [HLS 200-100] Command             ap_source returned 0; 0 sec.
INFO: [HLS 200-100] Execute             source /opt/Xilinx/Vivado_HLS/2017.1/common/technology/xilinx/interface/axi4.lib 
INFO: [HLS 200-100] Command             ap_source returned 0; 0 sec.
INFO: [HLS 200-100] Execute             source /opt/Xilinx/Vivado_HLS/2017.1/common/technology/xilinx/interface/maxi.lib 
INFO: [HLS 200-100] Command             ap_source returned 0; 0 sec.
INFO: [HLS 200-100] Execute             source /opt/Xilinx/Vivado_HLS/2017.1/common/technology/xilinx/interface/saxilite.lib 
INFO: [HLS 200-100] Command             ap_source returned 0; 0 sec.
INFO: [HLS 200-100] Command           ap_source returned 0; 0 sec.
INFO: [HLS 200-100] Execute           source /opt/Xilinx/Vivado_HLS/2017.1/common/technology/xilinx/common/dsp48.lib 
INFO: [HLS 200-100] Command           ap_source returned 0; 0 sec.
INFO: [HLS 200-100] Execute           source /opt/Xilinx/Vivado_HLS/2017.1/common/technology/xilinx/ip/dds_compiler.lib 
INFO: [HLS 200-100] Command           ap_source returned 0; 0 sec.
INFO: [HLS 200-100] Execute           source /opt/Xilinx/Vivado_HLS/2017.1/common/technology/xilinx/ip/xfir.lib 
INFO: [HLS 200-100] Command           ap_source returned 0; 0 sec.
INFO: [HLS 200-100] Execute           source /opt/Xilinx/Vivado_HLS/2017.1/common/technology/xilinx/ip/xfft.lib 
INFO: [HLS 200-100] Command           ap_source returned 0; 0 sec.
INFO: [HLS 200-100] Command         ap_source returned 0; 0.01 sec.
INFO: [HLS 200-100] Execute         source /opt/Xilinx/Vivado_HLS/2017.1/common/technology/xilinx/common/xilinx_old.lib 
INFO: [HLS 200-100] Command         ap_source returned 0; 0 sec.
INFO: [HLS 200-100] Execute         source /opt/Xilinx/Vivado_HLS/2017.1/common/technology/xilinx/common/xilinx_vivado.lib 
INFO: [HLS 200-100] Command         ap_source returned 0; 0 sec.
INFO: [HLS 200-100] Execute         source /opt/Xilinx/Vivado_HLS/2017.1/common/technology/xilinx/common/xilinx.hlp 
INFO: [HLS 200-100] Execute           source /opt/Xilinx/Vivado_HLS/2017.1/common/technology/xilinx/common/target_info.tcl 
INFO: [HLS 200-100] Command           ap_source returned 0; 0 sec.
INFO: [HLS 200-100] Execute           source /opt/Xilinx/Vivado_HLS/2017.1/common/technology/xilinx/interface/xilinx_interface.hlp 
INFO: [HLS 200-100] Execute             source /opt/Xilinx/Vivado_HLS/2017.1/common/technology/xilinx/interface/maxi.hlp 
INFO: [HLS 200-100] Command             ap_source returned 0; 0 sec.
INFO: [HLS 200-100] Execute             source /opt/Xilinx/Vivado_HLS/2017.1/common/technology/xilinx/interface/saxilite.hlp 
INFO: [HLS 200-100] Command             ap_source returned 0; 0 sec.
INFO: [HLS 200-100] Command           ap_source returned 0; 0 sec.
INFO: [HLS 200-100] Execute           source /opt/Xilinx/Vivado_HLS/2017.1/common/technology/xilinx/common/dsp48.hlp 
INFO: [HLS 200-100] Command           ap_source returned 0; 0 sec.
INFO: [HLS 200-100] Command         ap_source returned 0; 0.01 sec.
INFO: [HLS 200-100] Execute         source /opt/Xilinx/Vivado_HLS/2017.1/common/technology/xilinx/virtex7/dsp48e1.hlp 
INFO: [HLS 200-100] Command         ap_source returned 0; 0 sec.
INFO: [HLS 200-100] Execute         get_default_platform 
INFO: [HLS 200-100] Command         get_default_platform returned 0; 0 sec.
INFO: [HLS 200-100] Execute         config_chip_info -quiet -resource  {SLICE 91050 } {LUT 364200 } {FF 728400 } {DSP48E 1260} {BRAM 1590}  
INFO: [HLS 200-100] Command         config_chip_info returned 0; 0 sec.
INFO: [HLS 200-100] Execute         config_chip_info -quiet -speed medium 
INFO: [HLS 200-100] Command         config_chip_info returned 0; 0 sec.
INFO: [HLS 200-100] Execute         source /opt/Xilinx/Vivado_HLS/2017.1/common/technology/xilinx/common/xilinx.hlp 
INFO: [HLS 200-100] Execute           source /opt/Xilinx/Vivado_HLS/2017.1/common/technology/xilinx/common/target_info.tcl 
INFO: [HLS 200-100] Command           ap_source returned 0; 0 sec.
INFO: [HLS 200-100] Execute           source /opt/Xilinx/Vivado_HLS/2017.1/common/technology/xilinx/interface/xilinx_interface.hlp 
INFO: [HLS 200-100] Execute             source /opt/Xilinx/Vivado_HLS/2017.1/common/technology/xilinx/interface/maxi.hlp 
INFO: [HLS 200-100] Command             ap_source returned 0; 0 sec.
INFO: [HLS 200-100] Execute             source /opt/Xilinx/Vivado_HLS/2017.1/common/technology/xilinx/interface/saxilite.hlp 
INFO: [HLS 200-100] Command             ap_source returned 0; 0 sec.
INFO: [HLS 200-100] Command           ap_source returned 0; 0 sec.
INFO: [HLS 200-100] Execute           source /opt/Xilinx/Vivado_HLS/2017.1/common/technology/xilinx/common/dsp48.hlp 
INFO: [HLS 200-100] Command           ap_source returned 0; 0 sec.
INFO: [HLS 200-100] Command         ap_source returned 0; 0 sec.
INFO: [HLS 200-100] Command       import_lib returned 0; 0.02 sec.
INFO: [HLS 200-100] Execute       source /opt/Xilinx/Vivado_HLS/2017.1/common/technology/xilinx/virtex7/virtex7.gen 
INFO: [HLS 200-100] Execute         source /opt/Xilinx/Vivado_HLS/2017.1/common/technology/xilinx/common/virtex.gen 
INFO: [HLS 200-100] Execute           source /opt/Xilinx/Vivado_HLS/2017.1/common/technology/xilinx/common/xilinx.gen 
INFO: [HLS 200-100] Execute             source /opt/Xilinx/Vivado_HLS/2017.1/common/technology/xilinx/interface/plb46.gen 
INFO: [HLS 200-100] Command             ap_source returned 0; 0 sec.
INFO: [HLS 200-100] Execute             source /opt/Xilinx/Vivado_HLS/2017.1/common/technology/xilinx/interface/fsl.gen 
INFO: [HLS 200-100] Command             ap_source returned 0; 0 sec.
INFO: [HLS 200-100] Execute             source /opt/Xilinx/Vivado_HLS/2017.1/common/technology/xilinx/interface/axi4.gen 
INFO: [HLS 200-100] Command             ap_source returned 0; 0 sec.
INFO: [HLS 200-100] Execute             source /opt/Xilinx/Vivado_HLS/2017.1/common/technology/xilinx/interface/nativeAXI4.gen 
INFO: [HLS 200-100] Execute               source /opt/Xilinx/Vivado_HLS/2017.1/common/technology/xilinx/interface/saxilite.gen 
INFO: [HLS 200-100] Command               ap_source returned 0; 0.01 sec.
INFO: [HLS 200-100] Execute               source /opt/Xilinx/Vivado_HLS/2017.1/common/technology/xilinx/interface/maxi.gen 
INFO: [HLS 200-100] Command               ap_source returned 0; 0 sec.
INFO: [HLS 200-100] Command             ap_source returned 0; 0.01 sec.
INFO: [HLS 200-100] Execute             source /opt/Xilinx/Vivado_HLS/2017.1/common/technology/xilinx/scripts/xilinxcoregen.gen 
INFO: [HLS 200-100] Command             ap_source returned 0; 0 sec.
INFO: [HLS 200-100] Execute             source /opt/Xilinx/Vivado_HLS/2017.1/common/technology/xilinx/interface/XilEDKCoreGen.gen 
INFO: [HLS 200-100] Command             ap_source returned 0; 0.01 sec.
INFO: [HLS 200-100] Execute             source /opt/Xilinx/Vivado_HLS/2017.1/common/technology/xilinx/ip/xfft.gen 
INFO: [HLS 200-100] Command             ap_source returned 0; 0.08 sec.
INFO: [HLS 200-100] Execute             source /opt/Xilinx/Vivado_HLS/2017.1/common/technology/xilinx/ip/dds_compiler.gen 
INFO: [HLS 200-100] Command             ap_source returned 0; 0 sec.
INFO: [HLS 200-100] Execute             source /opt/Xilinx/Vivado_HLS/2017.1/common/technology/xilinx/ip/util.gen 
INFO: [HLS 200-100] Command             ap_source returned 0; 0 sec.
INFO: [HLS 200-100] Execute             source /opt/Xilinx/Vivado_HLS/2017.1/common/technology/xilinx/ip/xfir.gen 
INFO: [HLS 200-100] Command             ap_source returned 0; 0 sec.
INFO: [HLS 200-100] Command           ap_source returned 0; 0.11 sec.
INFO: [HLS 200-100] Execute           source /opt/Xilinx/Vivado_HLS/2017.1/common/technology/xilinx/common/dsp48.gen 
INFO: [HLS 200-100] Command           ap_source returned 0; 0 sec.
INFO: [HLS 200-100] Command         ap_source returned 0; 0.11 sec.
INFO: [HLS 200-100] Command       ap_source returned 0; 0.12 sec.
INFO: [HLS 200-100] Execute       get_default_platform 
INFO: [HLS 200-100] Command       get_default_platform returned 0; 0 sec.
INFO: [HLS 200-100] Execute       config_chip_info -quiet -resource  {SLICE 91050 } {LUT 364200 } {FF 728400 } {DSP48E 1260} {BRAM 1590}  
INFO: [HLS 200-100] Command       config_chip_info returned 0; 0 sec.
INFO: [HLS 200-100] Execute       config_chip_info -quiet -speed medium 
INFO: [HLS 200-100] Command       config_chip_info returned 0; 0 sec.
INFO: [HLS 200-100] Command     add_library returned 0; 0.15 sec.
INFO: [HLS 200-100] Execute     add_library xilinx/virtex7/virtex7_fpv6 
INFO: [HLS 200-100] Execute       get_default_platform 
INFO: [HLS 200-100] Command       get_default_platform returned 0; 0 sec.
INFO: [HLS 200-100] Execute       open_platform DefaultPlatform 
INFO: [HLS 200-100] Command       open_platform returned 0; 0 sec.
INFO: [HLS 200-100] Execute       import_lib /opt/Xilinx/Vivado_HLS/2017.1/common/technology/xilinx/virtex7/virtex7_fpv6 
INFO: [HLS 200-100] Execute         source /opt/Xilinx/Vivado_HLS/2017.1/common/technology/xilinx/common/xilinx_fpv7.lib 
INFO: [HLS 200-100] Execute           source /opt/Xilinx/Vivado_HLS/2017.1/common/technology/xilinx/common/xilinx_hp.lib 
INFO: [HLS 200-100] Command           ap_source returned 0; 0 sec.
INFO: [HLS 200-100] Command         ap_source returned 0; 0 sec.
INFO: [HLS 200-100] Execute         source /opt/Xilinx/Vivado_HLS/2017.1/common/technology/xilinx/common/xilinx_fpv.hlp 
INFO: [HLS 200-100] Execute           source /opt/Xilinx/Vivado_HLS/2017.1/common/technology/xilinx/common/xilinx.hlp 
INFO: [HLS 200-100] Execute             source /opt/Xilinx/Vivado_HLS/2017.1/common/technology/xilinx/common/target_info.tcl 
INFO: [HLS 200-100] Command             ap_source returned 0; 0 sec.
INFO: [HLS 200-100] Execute             source /opt/Xilinx/Vivado_HLS/2017.1/common/technology/xilinx/interface/xilinx_interface.hlp 
INFO: [HLS 200-100] Execute               source /opt/Xilinx/Vivado_HLS/2017.1/common/technology/xilinx/interface/maxi.hlp 
INFO: [HLS 200-100] Command               ap_source returned 0; 0 sec.
INFO: [HLS 200-100] Execute               source /opt/Xilinx/Vivado_HLS/2017.1/common/technology/xilinx/interface/saxilite.hlp 
INFO: [HLS 200-100] Command               ap_source returned 0; 0 sec.
INFO: [HLS 200-100] Command             ap_source returned 0; 0 sec.
INFO: [HLS 200-100] Execute             source /opt/Xilinx/Vivado_HLS/2017.1/common/technology/xilinx/common/dsp48.hlp 
INFO: [HLS 200-100] Command             ap_source returned 0; 0 sec.
INFO: [HLS 200-100] Command           ap_source returned 0; 0 sec.
INFO: [HLS 200-100] Command         ap_source returned 0; 0 sec.
INFO: [HLS 200-100] Execute         source /opt/Xilinx/Vivado_HLS/2017.1/common/technology/xilinx/virtex7/virtex7_hp.hlp 
INFO: [HLS 200-100] Command         ap_source returned 0; 0.01 sec.
INFO: [HLS 200-100] Command       import_lib returned 0; 0.02 sec.
INFO: [HLS 200-100] Execute       source /opt/Xilinx/Vivado_HLS/2017.1/common/technology/xilinx/virtex7/virtex7_fpv6.gen 
INFO: [HLS 200-100] Execute         source /opt/Xilinx/Vivado_HLS/2017.1/common/technology/xilinx/common/xilinx_fpv6.gen 
INFO: [HLS 200-100] Command         ap_source returned 0; 0 sec.
INFO: [HLS 200-100] Command       ap_source returned 0; 0 sec.
INFO: [HLS 200-100] Command     add_library returned 0; 0.02 sec.
INFO: [HLS 200-10] Setting target device to 'xc7v585tffg1761-2'
INFO: [HLS 200-100] Execute     get_default_platform 
INFO: [HLS 200-100] Command     get_default_platform returned 0; 0 sec.
INFO: [HLS 200-100] Command   set_part returned 0; 0.21 sec.
INFO: [HLS 200-100] Execute   create_clock -period 10 
INFO: [HLS 200-100] Execute     config_clock -quiet -name default -period 10 -default=false 
INFO: [SYN 201-201] Setting up clock 'default' with a period of 10ns.
INFO: [HLS 200-100] Command     config_clock returned 0; 0 sec.
INFO: [HLS 200-100] Command   create_clock returned 0; 0 sec.
INFO: [HLS 200-100] Execute   source ./gemm_dir 
INFO: [HLS 200-100] Execute     set_directive_pipeline gemm/inner 
INFO: [HLS 200-0] Setting directive 'PIPELINE' 
INFO: [HLS 200-100] Command     set_directive_pipeline returned 0; 0 sec.
INFO: [HLS 200-100] Execute     set_directive_pipeline gemm/middle 
INFO: [HLS 200-0] Setting directive 'PIPELINE' 
INFO: [HLS 200-0] Setting directive 'PIPELINE' 
INFO: [HLS 200-100] Command     set_directive_pipeline returned 0; 0 sec.
INFO: [HLS 200-100] Execute     set_directive_pipeline gemm/outter 
INFO: [HLS 200-0] Setting directive 'PIPELINE' 
INFO: [HLS 200-0] Setting directive 'PIPELINE' 
INFO: [HLS 200-0] Setting directive 'PIPELINE' 
INFO: [HLS 200-100] Command     set_directive_pipeline returned 0; 0 sec.
INFO: [HLS 200-100] Execute     set_directive_resource -core Mul gemm mult 
INFO: [HLS 200-0] Setting directive 'PIPELINE' 
INFO: [HLS 200-0] Setting directive 'PIPELINE' 
INFO: [HLS 200-0] Setting directive 'PIPELINE' 
INFO: [HLS 200-0] Setting directive 'RESOURCE' variable=positionBooleanTextRequiredmult core=Mul 
INFO: [HLS 200-100] Command     set_directive_resource returned 0; 0 sec.
INFO: [HLS 200-100] Command   ap_source returned 0; 0 sec.
INFO: [HLS 200-100] Execute   csynth_design 
INFO: [HLS 200-100] Execute     elaborate -effort=medium -skip_syncheck=0 -keep_printf=0 -lm=0 -skip_cdt=0 -skip_transform=0 -ng=0 -g=0 -opt_fp=0 
WARNING: [HLS 200-40] Skipped source file 'check.data'. Source files must have extensions .c, .C, .cc, .cpp, .c++, .cp, or .cxx.
WARNING: [HLS 200-40] Skipped source file 'input.data'. Source files must have extensions .c, .C, .cc, .cpp, .c++, .cp, or .cxx.
INFO: [HLS 200-10] Analyzing design file 'gemm.c' ... 
INFO: [HLS 200-0] Compiling one TU...
INFO: [HLS 200-100] Execute       is_m_axi_addr64 
INFO: [HLS 200-100] Command       is_m_axi_addr64 returned 0; 0 sec.
INFO: [HLS 200-0] Handling gemm.c as C
INFO: [HLS 200-0] Syntax Checking before pre-processing...
INFO: [HLS 200-100] Execute       clang  -fno-limit-debug-info -gcc-toolchain "/opt/Xilinx/Vivado_HLS/2017.1/lnx64/tools/gcc" -hls  -I../../common  -fno-math-errno -c -emit-llvm -O0  -mllvm -disable-llvm-optzns -std=gnu89   -DAESL_SYN -D__SYNTHESIS__ -D__HLS_SYN__ -I "/opt/Xilinx/Vivado_HLS/2017.1/common/technology/autopilot" -I "/opt/Xilinx/Vivado_HLS/2017.1/common/technology/autopilot/ap_sysc" -include etc/autopilot_ssdm_op.h  "gemm.c"  -o "/local/ssd/home/mattfel/machsuite/gemm/ncubed/gemm_hls/solution/.autopilot/db/gemm.pp.00.o" 
INFO: [HLS 200-0] exec clang -fno-limit-debug-info -gcc-toolchain /opt/Xilinx/Vivado_HLS/2017.1/lnx64/tools/gcc -hls -I../../common -fno-math-errno -c -emit-llvm -O0 -mllvm -disable-llvm-optzns -std=gnu89 -DAESL_SYN -D__SYNTHESIS__ -D__HLS_SYN__ -I /opt/Xilinx/Vivado_HLS/2017.1/common/technology/autopilot -I /opt/Xilinx/Vivado_HLS/2017.1/common/technology/autopilot/ap_sysc -include etc/autopilot_ssdm_op.h gemm.c -o /local/ssd/home/mattfel/machsuite/gemm/ncubed/gemm_hls/solution/.autopilot/db/gemm.pp.00.o
INFO: [HLS 200-100] Command       clang returned 0; 0.08 sec.
INFO: [HLS 200-100] Execute       is_encrypted /local/ssd/home/mattfel/machsuite/gemm/ncubed/gemm_hls/solution/.autopilot/db/gemm.pp.00.o 
INFO: [HLS 200-100] Command       is_encrypted returned 0; 0 sec.
INFO: [HLS 200-0] Source preprocessing
INFO: [HLS 200-100] Execute       clang  -fno-limit-debug-info -gcc-toolchain "/opt/Xilinx/Vivado_HLS/2017.1/lnx64/tools/gcc" -hls -fno-exceptions  -D__llvm__  -CC -E "gemm.c"   -I../../common  -fno-math-errno -c -emit-llvm -O0  -mllvm -disable-llvm-optzns -std=gnu89   -DAESL_SYN -D__SYNTHESIS__ -D__HLS_SYN__ -I "/opt/Xilinx/Vivado_HLS/2017.1/common/technology/autopilot" -I "/opt/Xilinx/Vivado_HLS/2017.1/common/technology/autopilot/ap_sysc" -include etc/autopilot_ssdm_op.h  -o "/local/ssd/home/mattfel/machsuite/gemm/ncubed/gemm_hls/solution/.autopilot/db/gemm.pp.0.c" 
INFO: [HLS 200-0] exec clang -fno-limit-debug-info -gcc-toolchain /opt/Xilinx/Vivado_HLS/2017.1/lnx64/tools/gcc -hls -fno-exceptions -D__llvm__ -CC -E gemm.c -I../../common -fno-math-errno -c -emit-llvm -O0 -mllvm -disable-llvm-optzns -std=gnu89 -DAESL_SYN -D__SYNTHESIS__ -D__HLS_SYN__ -I /opt/Xilinx/Vivado_HLS/2017.1/common/technology/autopilot -I /opt/Xilinx/Vivado_HLS/2017.1/common/technology/autopilot/ap_sysc -include etc/autopilot_ssdm_op.h -o /local/ssd/home/mattfel/machsuite/gemm/ncubed/gemm_hls/solution/.autopilot/db/gemm.pp.0.c
INFO: [HLS 200-100] Command       clang returned 0; 0.06 sec.
INFO: [HLS 200-0] GCC PP time: 0 seconds per iteration
INFO: [HLS 200-0] Setting directive 'PIPELINE' 
INFO: [HLS 200-0] Setting directive 'PIPELINE' 
INFO: [HLS 200-0] Setting directive 'PIPELINE' 
INFO: [HLS 200-0] Setting directive 'RESOURCE' variable=positionBooleanTextRequiredmult core=Mul 
INFO: [HLS 200-100] Execute       list_core -type functional_unit 
INFO: [HLS 200-100] Command       list_core returned 0; 0 sec.
INFO: [HLS 200-0] CDT Preprocessing...
INFO: [HLS 200-0] Marker-Pragma convertor: /local/ssd/home/mattfel/machsuite/gemm/ncubed/gemm_hls/solution/.autopilot/db/gemm.pp.0.c /local/ssd/home/mattfel/machsuite/gemm/ncubed/gemm_hls/solution/.autopilot/db/gemm.pp.0.c.ap-line.c /local/ssd/home/mattfel/machsuite/gemm/ncubed/gemm_hls/solution/.autopilot/db/gemm.pp.0.c.ap-line.c.CXX 1
INFO: [HLS 200-0] Converting Markers to Pragmas...
INFO: [HLS 200-100] Execute       cdt  "/local/ssd/home/mattfel/machsuite/gemm/ncubed/gemm_hls/solution/.autopilot/db/gemm.pp.0.c.ap-line.c"  -m "gemm" -o "/local/ssd/home/mattfel/machsuite/gemm/ncubed/gemm_hls/solution/.autopilot/db/gemm.pp.0.c.ap-cdt.c" -c --pp --directive /local/ssd/home/mattfel/machsuite/gemm/ncubed/gemm_hls/solution/solution.directive --source /local/ssd/home/mattfel/machsuite/gemm/ncubed/gemm.c --error /local/ssd/home/mattfel/machsuite/gemm/ncubed/gemm_hls/solution/.autopilot/db --funcunit "AddSub AddSub_DSP AddSubnS DAddSub_fulldsp DAddSub_nodsp DDiv DExp_fulldsp DExp_meddsp DExp_nodsp DLog_fulldsp DLog_meddsp DLog_nodsp DMul_fulldsp DMul_maxdsp DMul_meddsp DMul_nodsp DRSqrt DRecip DSqrt DivnS FAddSub_fulldsp FAddSub_nodsp FDiv FExp_fulldsp FExp_meddsp FExp_nodsp FLog_fulldsp FLog_meddsp FLog_nodsp FMul_fulldsp FMul_maxdsp FMul_meddsp FMul_nodsp FRSqrt_fulldsp FRSqrt_nodsp FRecip_fulldsp FRecip_nodsp FSqrt HAddSub_fulldsp HAddSub_meddsp HAddSub_nodsp HDiv HMul_fulldsp HMul_maxdsp HMul_nodsp HSqrt Mul Mul2S Mul3S Mul4S Mul5S Mul6S Mul_LUT MulnS MuxnS" --ca --gf --pd --p2d /local/ssd/home/mattfel/machsuite/gemm/ncubed/gemm_hls/solution/.autopilot/db --sd --scff /local/ssd/home/mattfel/machsuite/gemm/ncubed/gemm_hls/solution/.autopilot/db/.systemc_flag --ad 
INFO: [HLS 200-0] Picked up _JAVA_OPTIONS: -Xmx16g
INFO: [HLS 200-100] Command       cdt returned 0; 1.07 sec.
INFO: [HLS 200-0] Marker-Pragma convertor: /local/ssd/home/mattfel/machsuite/gemm/ncubed/gemm_hls/solution/.autopilot/db/gemm.pp.0.c.ap-cdt.c /local/ssd/home/mattfel/machsuite/gemm/ncubed/gemm_hls/solution/.autopilot/db/gemm.pragma.0.c /local/ssd/home/mattfel/machsuite/gemm/ncubed/gemm_hls/solution/.autopilot/db/gemm.pragma.0.c.ap-line.CXX 0
INFO: [HLS 200-0] Converting Pragmas to Markers...
INFO: [HLS 200-100] Execute       source /local/ssd/home/mattfel/machsuite/gemm/ncubed/gemm_hls/solution/.autopilot/db/pragma.status.tcl 
INFO: [HLS 200-100] Command       ap_source returned 0; 0 sec.
INFO: [HLS 200-0] Pragma Handling...
INFO: [HLS 200-0] Source preprocessing
INFO: [HLS 200-100] Execute       clang  -fno-limit-debug-info -gcc-toolchain "/opt/Xilinx/Vivado_HLS/2017.1/lnx64/tools/gcc" -hls -fno-exceptions  -D__llvm__  -CC -E "/local/ssd/home/mattfel/machsuite/gemm/ncubed/gemm_hls/solution/.autopilot/db/gemm.pragma.1.c"   -I../../common  -fno-math-errno -c -emit-llvm -O0  -mllvm -disable-llvm-optzns -std=gnu89   -DAESL_SYN -D__SYNTHESIS__ -D__HLS_SYN__ -I "/opt/Xilinx/Vivado_HLS/2017.1/common/technology/autopilot" -I "/opt/Xilinx/Vivado_HLS/2017.1/common/technology/autopilot/ap_sysc" -include etc/autopilot_ssdm_op.h  -o "/local/ssd/home/mattfel/machsuite/gemm/ncubed/gemm_hls/solution/.autopilot/db/gemm.pragma.2.c" 
INFO: [HLS 200-0] exec clang -fno-limit-debug-info -gcc-toolchain /opt/Xilinx/Vivado_HLS/2017.1/lnx64/tools/gcc -hls -fno-exceptions -D__llvm__ -CC -E /local/ssd/home/mattfel/machsuite/gemm/ncubed/gemm_hls/solution/.autopilot/db/gemm.pragma.1.c -I../../common -fno-math-errno -c -emit-llvm -O0 -mllvm -disable-llvm-optzns -std=gnu89 -DAESL_SYN -D__SYNTHESIS__ -D__HLS_SYN__ -I /opt/Xilinx/Vivado_HLS/2017.1/common/technology/autopilot -I /opt/Xilinx/Vivado_HLS/2017.1/common/technology/autopilot/ap_sysc -include etc/autopilot_ssdm_op.h -o /local/ssd/home/mattfel/machsuite/gemm/ncubed/gemm_hls/solution/.autopilot/db/gemm.pragma.2.c
INFO: [HLS 200-100] Command       clang returned 0; 0.06 sec.
INFO: [HLS 200-0] Processing labels
INFO: [HLS 200-100] Execute       clang  -fno-limit-debug-info -gcc-toolchain /opt/Xilinx/Vivado_HLS/2017.1/lnx64/tools/gcc -hls -hls-analyze-label -hls-analyze-pragma -fno-exceptions  -D__llvm__  -w  "/local/ssd/home/mattfel/machsuite/gemm/ncubed/gemm_hls/solution/.autopilot/db/gemm.pragma.2.c"  -I../../common  -fno-math-errno -c -emit-llvm -O0  -mllvm -disable-llvm-optzns -std=gnu89  -DAESL_SYN -D__SYNTHESIS__ -D__HLS_SYN__ -I "/opt/Xilinx/Vivado_HLS/2017.1/common/technology/autopilot" -I "/opt/Xilinx/Vivado_HLS/2017.1/common/technology/autopilot/ap_sysc" -include etc/autopilot_ssdm_op.h -g -o "/local/ssd/home/mattfel/machsuite/gemm/ncubed/gemm_hls/solution/.autopilot/db/gemm.g.bc" 
INFO: [HLS 200-0] exec clang -fno-limit-debug-info -gcc-toolchain /opt/Xilinx/Vivado_HLS/2017.1/lnx64/tools/gcc -hls -hls-analyze-label -hls-analyze-pragma -fno-exceptions -D__llvm__ -w /local/ssd/home/mattfel/machsuite/gemm/ncubed/gemm_hls/solution/.autopilot/db/gemm.pragma.2.c -I../../common -fno-math-errno -c -emit-llvm -O0 -mllvm -disable-llvm-optzns -std=gnu89 -DAESL_SYN -D__SYNTHESIS__ -D__HLS_SYN__ -I /opt/Xilinx/Vivado_HLS/2017.1/common/technology/autopilot -I /opt/Xilinx/Vivado_HLS/2017.1/common/technology/autopilot/ap_sysc -include etc/autopilot_ssdm_op.h -g -o /local/ssd/home/mattfel/machsuite/gemm/ncubed/gemm_hls/solution/.autopilot/db/gemm.g.bc
INFO: [HLS 200-100] Command       clang returned 0; 0.08 sec.
INFO: [HLS 200-10] Validating synthesis directives ...
INFO: [HLS 200-100] Execute       source /local/ssd/home/mattfel/machsuite/gemm/ncubed/gemm_hls/solution/.autopilot/db/pragma.status.tcl 
INFO: [HLS 200-100] Command       ap_source returned 0; 0 sec.
WARNING: [HLS 200-40] Directive 'PIPELINE' cannot be applied: Label 'outter' does not exist in function 'gemm'. 
INFO: [HLS 200-111] Finished Checking Pragmas Time (s): cpu = 00:00:04 ; elapsed = 00:00:02 . Memory (MB): peak = 341.965 ; gain = 12.590 ; free physical = 860268 ; free virtual = 996784
INFO: [HLS 200-0] Linking Release ...
INFO: [HLS 200-100] Execute       llvm-ld /local/ssd/home/mattfel/machsuite/gemm/ncubed/gemm_hls/solution/.autopilot/db/gemm.bc -disable-opt -L/opt/Xilinx/Vivado_HLS/2017.1/lnx64/lib -lm_basic -o /local/ssd/home/mattfel/machsuite/gemm/ncubed/gemm_hls/solution/.autopilot/db/a.o 
INFO: [HLS 200-100] Command       llvm-ld returned 0; 0.03 sec.
INFO: [HLS 200-100] Execute       disassemble /local/ssd/home/mattfel/machsuite/gemm/ncubed/gemm_hls/solution/.autopilot/db/a.o /local/ssd/home/mattfel/machsuite/gemm/ncubed/gemm_hls/solution/.autopilot/db/a.o 
INFO: [HLS 200-100] Execute         is_encrypted /local/ssd/home/mattfel/machsuite/gemm/ncubed/gemm_hls/solution/.autopilot/db/a.o.bc 
INFO: [HLS 200-100] Command         is_encrypted returned 0; 0 sec.
INFO: [HLS 200-100] Command       disassemble returned 0; 0.03 sec.
INFO: [HLS 200-0] Disassemble time: 0 seconds per iteration
INFO: [HLS 200-0] Linking Debug ...
INFO: [HLS 200-100] Execute       llvm-ld /local/ssd/home/mattfel/machsuite/gemm/ncubed/gemm_hls/solution/.autopilot/db/gemm.g.bc -disable-opt -L/opt/Xilinx/Vivado_HLS/2017.1/lnx64/lib -lm_basic -o /local/ssd/home/mattfel/machsuite/gemm/ncubed/gemm_hls/solution/.autopilot/db/a.g 
INFO: [HLS 200-100] Command       llvm-ld returned 0; 0.03 sec.
INFO: [HLS 200-100] Execute       disassemble /local/ssd/home/mattfel/machsuite/gemm/ncubed/gemm_hls/solution/.autopilot/db/a.g /local/ssd/home/mattfel/machsuite/gemm/ncubed/gemm_hls/solution/.autopilot/db/a.g 
INFO: [HLS 200-100] Execute         is_encrypted /local/ssd/home/mattfel/machsuite/gemm/ncubed/gemm_hls/solution/.autopilot/db/a.g.bc 
INFO: [HLS 200-100] Command         is_encrypted returned 0; 0 sec.
INFO: [HLS 200-100] Command       disassemble returned 0; 0.03 sec.
INFO: [HLS 200-0] Disassemble time: 0 seconds per iteration
INFO: [HLS 200-111] Finished Linking Time (s): cpu = 00:00:04 ; elapsed = 00:00:02 . Memory (MB): peak = 341.965 ; gain = 12.590 ; free physical = 860265 ; free virtual = 996782
INFO: [HLS 200-100] Execute       opt_and_import_c a -opt_level=2 -skip_syncheck=0 -ng=0 -keep_printf=0 
INFO: [HLS 200-100] Execute         cleanup_all_models 
INFO: [HLS 200-100] Command         cleanup_all_models returned 0; 0 sec.
INFO: [HLS 200-10] Starting code transformations ...
INFO: [HLS 200-100] Execute         transform -promote-dbg-pointer /local/ssd/home/mattfel/machsuite/gemm/ncubed/gemm_hls/solution/.autopilot/db/a.pp.bc -o /local/ssd/home/mattfel/machsuite/gemm/ncubed/gemm_hls/solution/.autopilot/db/a.pp.0.bc -f 
INFO: [HLS 200-100] Command         transform returned 0; 0.01 sec.
INFO: [HLS 200-100] Execute         llvm-ld /local/ssd/home/mattfel/machsuite/gemm/ncubed/gemm_hls/solution/.autopilot/db/a.pp.0.bc -disable-opt -L/opt/Xilinx/Vivado_HLS/2017.1/lnx64/lib -lfloatconversion -o /local/ssd/home/mattfel/machsuite/gemm/ncubed/gemm_hls/solution/.autopilot/db/a.g.0 
INFO: [HLS 200-100] Command         llvm-ld returned 0; 0.03 sec.
INFO: [HLS 200-0] Running Standard Transforms...
INFO: [HLS 200-100] Execute         transform -hls -share-std-xform -demangle-name -inline-byval-memcpy -always-inline -promote-dbg-pointer -interface-preproc -scalarrepl -mem2reg -keep-read-access -instcombine -dce -promote-dbg-pointer -bitop-raise -loop-simplify -indvarspre -indvars -loop-simplify -xunroll -constprop -instcombine -simplifycfg -indvars -simplifycfg -dce -globaldce -basicaa -simplifycfg -mem2reg -globalopt -global-constprop -deadargelim -instcombine -simplifycfg -prune-eh -simplifycfg -scalarrepl -instcombine -reassociate -licm -simplifycfg -loop-simplify -indvars -instcombine -simplifycfg -mem2reg -loop-simplify -indvars -instcombine -gvn -gvn -instcombine -adce -break-crit-edges -simplifycfg -loop-delete -global-array-opt -dce -dse -adce -find-syn-modules -top gemm -deadargelim -mem2reg -instcombine -dce -presyn-prepare -auto-rom-infer -interface-preproc -syn-check -check-rec-only -find-region -simplifycfg -func-extr -function-inline -globaldce -mem2reg -instcombine -dce -gvn -globaldce -adce -adse -constprop -instcombine -bit-constprop -instcombine -dce -simplifycfg -bitop-raise -simplifycfg -dce -loop-delete -reassociate -globalopt -global-privatize -mem2reg -dce -global-constprop -pointer-simplify -constprop -dce -func-inst -deadargelim -auto-shift-reg-idiom -promote-dbg-pointer -norm-name /local/ssd/home/mattfel/machsuite/gemm/ncubed/gemm_hls/solution/.autopilot/db/a.g.0.bc -o /local/ssd/home/mattfel/machsuite/gemm/ncubed/gemm_hls/solution/.autopilot/db/a.g.1.bc -f -phase std-opt 
INFO: [HLS 200-100] Command         transform returned 0; 0.02 sec.
INFO: [HLS 200-100] Execute         disassemble /local/ssd/home/mattfel/machsuite/gemm/ncubed/gemm_hls/solution/.autopilot/db/a.g.1 /local/ssd/home/mattfel/machsuite/gemm/ncubed/gemm_hls/solution/.autopilot/db/a.g.1 
INFO: [HLS 200-100] Execute           is_encrypted /local/ssd/home/mattfel/machsuite/gemm/ncubed/gemm_hls/solution/.autopilot/db/a.g.1.bc 
INFO: [HLS 200-100] Command           is_encrypted returned 0; 0 sec.
INFO: [HLS 200-100] Command         disassemble returned 0; 0.03 sec.
INFO: [HLS 200-111] Finished Standard Transforms Time (s): cpu = 00:00:04 ; elapsed = 00:00:02 . Memory (MB): peak = 341.965 ; gain = 12.590 ; free physical = 860266 ; free virtual = 996783
INFO: [HLS 200-10] Checking synthesizability ...
INFO: [HLS 200-0] Checking Synthesizability 1/2..
INFO: [HLS 200-100] Execute         transform -hls -syn-check -check-rec-only -disaggr -scalarrepl -norm-name -dce -mem2reg -instcombine -function-uniquify -directive-preproc -mem2reg -dse -dce -auto-rom-infer -dce -array-normalize -instcombine -dce -warn-fifo-pointer -array-seg-normalize -instcombine -dce -array-flatten -instcombine -dce -array-burst -dce -deadargelim -promote-global-argument -simplifycfg -mem2reg -globaldce -resolve-double-ptr -dce -deadargelim -dce -instcombine -function-inline -globaldce -dce -doublePtrSimplify -doublePtrElim -dce -doublePtrSimplify -promote-dbg-pointer -dce -scalarrepl -dse -adse -instcombine -ptrLegalization -simplifycfg -dce -instcombine -pointer-simplify -ptrArgReplace -dce -instcombine -disaggr -scalarrepl -norm-name -dce -mem2reg -instcombine -ptrLegalization -simplifycfg -deadargelim -instcombine -dce -inst-simplify -function-uniquify -directive-preproc -mem2reg -dse -dce -globaldce /local/ssd/home/mattfel/machsuite/gemm/ncubed/gemm_hls/solution/.autopilot/db/a.g.1.bc -o /local/ssd/home/mattfel/machsuite/gemm/ncubed/gemm_hls/solution/.autopilot/db/a.g.2.prechk.bc -f 
INFO: [HLS 200-100] Command         transform returned 0; 0.02 sec.
INFO: [HLS 200-0] Checking Synthesizability 2/2..
INFO: [HLS 200-100] Execute         transform -syn-check /local/ssd/home/mattfel/machsuite/gemm/ncubed/gemm_hls/solution/.autopilot/db/a.g.2.prechk.bc -o /local/ssd/home/mattfel/machsuite/gemm/ncubed/gemm_hls/solution/.autopilot/db/a.g.2.bc -f -phase syn-check 
INFO: [HLS 200-100] Command         transform returned 0; 0.01 sec.
INFO: [HLS 200-111] Finished Checking Synthesizability Time (s): cpu = 00:00:04 ; elapsed = 00:00:02 . Memory (MB): peak = 341.965 ; gain = 12.590 ; free physical = 860266 ; free virtual = 996783
INFO: [HLS 200-0] Compiler optimizing ...
INFO: [HLS 200-0] Share syncheck's 1.bc for syn flow: copy /local/ssd/home/mattfel/machsuite/gemm/ncubed/gemm_hls/solution/.autopilot/db/a.g.1.bc to /local/ssd/home/mattfel/machsuite/gemm/ncubed/gemm_hls/solution/.autopilot/db/a.o.1.bc
INFO: [HLS 200-0] Presyn 1...
INFO: [HLS 200-100] Execute         transform -hls -tmp /local/ssd/home/mattfel/machsuite/gemm/ncubed/gemm_hls/solution/.autopilot/db -interface-port-rename -type-info -function-uniquify -directive-preproc -mem2reg -dse -dce -disaggr -scalarrepl -norm-name -deadargelim -mem2reg -instcombine -dce -auto-rom-infer -dce -function-uniquify -resource-proc -simplifycfg -mem2reg -globaldce -resolve-double-ptr -dce -deadargelim -dce -instcombine -clib-intrinsic-prepare -dce -func-buffer -dce -array-normalize -func-legal -instcombine -gvn -constprop -dce -ptrArgReplace -mem2reg -instcombine -dce -array-seg-normalize -deadargelim -instcombine -dce -pointer-simplify -dce -port-alignment -dce -interface-preproc -data-pack -instcombine -dce -basicaa -aggr-aa -aggrmodref-aa -aggr-aa -gvn -gvn -basicaa -aggr-aa -aggrmodref-aa -aggr-aa -dse -adse -adce -loop-simplify -indvars -instcombine -gvn -loop-simplify -mem2reg -dce -simplifycfg -find-region -instcombine -auto-loop-pipeline -inst-simplify -interface-preproc -cfgopt -instcombine -indvars -auto-loop-unroll -loop-simplify -loop-bound -xunroll -constprop -instcombine -simplifycfg -indvars -simplifycfg -dce -globaldce -clean-region -attach-range -gvn -inst-simplify -constprop -simplifycfg -dce -pointer-simplify -dce -globalopt -constprop -dce -array-promote -constprop -instcombine -dce -ptrArgReplace -mem2reg -instcombine -simplifycfg -dce -auto-par -instcombine -dce -array-transform-check -array-reshape -instcombine -simplifycfg -dce -ptrArgReplace -deadargelim -mem2reg -instcombine -simplifycfg -dce -indvars -loop-simplify -loop-bound -xunroll -constprop -instcombine -simplifycfg -indvars -simplifycfg -dce -globaldce -duplicate-dataflow-processes -globaldce -instcombine -array-partition -instcombine -simplifycfg -dce -ptrArgReplace -global-constprop -deadargelim -mem2reg -func-legal -instcombine -dce -global-constprop -deadargelim -mem2reg -instcombine -simplifycfg -dce -globalopt -constprop -dce -array-promote -constprop -instcombine -dce -ptrArgReplace -mem2reg -instcombine -simplifycfg -dce -mem-intrinsic-preproc -dce -global-privatize -mem2reg -globaldce -promote-global-argument -ptrArgReplace -mem2reg -instcombine -dce -globalopt -mergereturn -simplify-global-access -mem2reg -dce -pointer-simplify -dce -functionattrs -basicaa -aggr-aa -aggrmodref-aa -aggr-aa -gvn -gvn -basicaa -aggr-aa -aggrmodref-aa -aggr-aa -dse -adse -adce -inst-simplify -dce -norm-name -function-inline -globaldce -func-inst -constprop -instcombine -simplifycfg -dce -func-legal -dce -loop-bound -arraycheck -bitwidthmin -on-by-dataflow -loop-delete -instcombine -simplifycfg -globaldce -dce -gvn -deadargelim -dce -loop-simplify -clean-region -simplifycfg -propagate-stable-arguments -loop-stream -instcombine -simplifycfg -dce -globaldce -stream-intrinsic-preproc -dce -check-ap-stream -loop-simplify -eliminate-keepreads -extract-dataflow-in-loop -loop-simplify -dce -gvn -deadargelim -dse -check-dataflow-syntax -legalize-stream-variable -legalize-global -extract-subproc -dce -dead-channel-elimination -canonicalize-gep -globaldce -dce -gvn -deadargelim -annotate-dataflow-channels -scalar-propagation -deadargelim -globaldce -mem2reg -check-dataflow-channels -function-stream -dce -globaldce -prop-fifo-spec -internal-stream-gen -canonicalize-gep -globaldce -dce -gvn -deadargelim -mergereturn -indvars -loop-simplify -instcombine -array-stream -array-seg-normalize -array-partition -func-legal -instcombine -simplifycfg -dce -bundle-memfifo-ops -deadargelim -function-uniquify -directive-preproc -mem2reg -dse -dce -group-axi-access -licm -simplifycfg -dce -loop-delete -norm-name /local/ssd/home/mattfel/machsuite/gemm/ncubed/gemm_hls/solution/.autopilot/db/a.o.1.bc -o /local/ssd/home/mattfel/machsuite/gemm/ncubed/gemm_hls/solution/.autopilot/db/a.o.1.tmp.bc -f 
INFO: [XFORM 203-502] Unrolling all sub-loops inside loop 'middle' (gemm.c:9) in function 'gemm' for pipelining.
WARNING: [XFORM 203-505] Ignored pipeline directive for loop 'inner' (gemm.c:12) because its parent loop or function is pipelined.
INFO: [XFORM 203-501] Unrolling loop 'inner' (gemm.c:12) in function 'gemm' completely.
INFO: [HLS 200-100] Command         transform returned 0; 0.65 sec.
INFO: [HLS 200-0] Presyn 2...
INFO: [HLS 200-100] Execute         transform -hls -keep-callgraph -scalarrepl -mem2reg -port-alignment -attach-range -dce -pipe-mux-gen -indvars -loop-bound -inst-simplify -instcombine -dce -merge-array-access -mem2reg -dce -clean-region -mergereturn -if-conv -instcombine -dce -constprop -basicaa -aggr-aa -aggrmodref-aa -aggr-aa -gvn -gvn -basicaa -aggr-aa -aggrmodref-aa -aggr-aa -dse -adse -adce -scalarrepl -mem2reg -global-constprop -deadargelim -deadargelim -instcombine -dce -simplifycfg -ptrArgReplace -mem2reg -function-inline -globaldce -mem2reg -instcombine -dce -expr-balance -instcombine -dce -bitwidthmin -interface-preproc -directive-preproc -inst-rectify -instcombine -dce -functionattrs -constprop -instcombine -bit-constprop -simplify-global-access -globalopt -globaldce -inst-simplify -instcombine -elimdeaddata -dce -loop-delete -simplifycfg -loop-simplify -auto-burst -norm-name /local/ssd/home/mattfel/machsuite/gemm/ncubed/gemm_hls/solution/.autopilot/db/a.o.1.tmp.bc -o /local/ssd/home/mattfel/machsuite/gemm/ncubed/gemm_hls/solution/.autopilot/db/a.o.2.bc -f -phase presyn 
INFO: [HLS 200-100] Command         transform returned 0; 0.48 sec.
INFO: [HLS 200-100] Execute         disassemble /local/ssd/home/mattfel/machsuite/gemm/ncubed/gemm_hls/solution/.autopilot/db/a.o.2 /local/ssd/home/mattfel/machsuite/gemm/ncubed/gemm_hls/solution/.autopilot/db/a.o.2 
INFO: [HLS 200-100] Execute           is_encrypted /local/ssd/home/mattfel/machsuite/gemm/ncubed/gemm_hls/solution/.autopilot/db/a.o.2.bc 
INFO: [HLS 200-100] Command           is_encrypted returned 0; 0 sec.
INFO: [HLS 200-100] Command         disassemble returned 0; 0.04 sec.
INFO: [HLS 200-111] Finished Pre-synthesis Time (s): cpu = 00:00:06 ; elapsed = 00:00:03 . Memory (MB): peak = 469.961 ; gain = 140.586 ; free physical = 860240 ; free virtual = 996757
INFO: [HLS 200-0] Building ssdm...
INFO: [HLS 200-100] Execute         transform -hls -function-uniquify -auto-function-inline -globaldce -ptrArgReplace -mem2reg -instcombine -dce -reset-lda -loop-simplify -indvars -licm -loop-dep -loop-bound -licm -loop-simplify -flattenloopnest -array-flatten -gvn -instcombine -dce -array-map -dce -func-legal -gvn -adce -instcombine -cfgopt -simplifycfg -loop-simplify -array-burst -promote-global-argument -dce -axi4-lower -array-seg-normalize -basicaa -aggrmodref-aa -globalsmodref-aa -aggr-aa -gvn -gvn -basicaa -aggrmodref-aa -globalsmodref-aa -aggr-aa -dse -adse -adce -licm -inst-simplify -dce -globaldce -instcombine -array-stream -eliminate-keepreads -instcombine -dce -deadargelim -doublePtrSimplify -doublePtrElim -dce -doublePtrSimplify -promote-dbg-pointer -dce -scalarrepl -mem2reg -disaggr -norm-name -mem2reg -instcombine -dse -adse -adce -ptrLegalization -dce -auto-rom-infer -array-flatten -dce -instcombine -loop-rot -constprop -cfgopt -simplifycfg -loop-simplify -indvars -pointer-simplify -dce -loop-bound -loop-simplify -loop-preproc -constprop -global-constprop -gvn -mem2reg -instcombine -dce -loop-bound -loop-merge -dce -bitwidthmin -deadargelim -dce -canonicalize-dataflow -dce -scalar-propagation -deadargelim -globaldce -mem2reg -interface-preproc -interface-gen -deadargelim -directive-preproc -inst-simplify -dce -gvn -mem2reg -instcombine -dce -adse -loop-bound -instcombine -cfgopt -simplifycfg -loop-simplify -clean-region -io-protocol -find-region -mem2reg -bitop-raise -inst-simplify -inst-rectify -instcombine -adce -deadargelim -loop-simplify -phi-opt -bitop-raise -cfgopt -simplifycfg -strip-dead-prototypes -interface-lower -bitop-lower -intrinsic-lower -auto-function-inline -basicaa -aggrmodref-aa -globalsmodref-aa -aggr-aa -inst-simplify -simplifycfg -loop-simplify -mergereturn -inst-simplify -inst-rectify -dce -bitop-lower -loop-rewind -pointer-simplify -dce -cfgopt -read-loop-dep -dce -bitwidth -loop-dep -norm-name -legalize -validate-dataflow -cdfg-build /local/ssd/home/mattfel/machsuite/gemm/ncubed/gemm_hls/solution/.autopilot/db/a.o.2.bc -o /local/ssd/home/mattfel/machsuite/gemm/ncubed/gemm_hls/solution/.autopilot/db/a.o.3.bc -f -phase build-ssdm 
INFO: [XFORM 203-541] Flattening a loop nest 'outer' (gemm.c:8:30) in function 'gemm'.
INFO: [HLS 200-100] Command         transform returned 0; 0.95 sec.
INFO: [HLS 200-100] Execute         disassemble /local/ssd/home/mattfel/machsuite/gemm/ncubed/gemm_hls/solution/.autopilot/db/a.o.3 /local/ssd/home/mattfel/machsuite/gemm/ncubed/gemm_hls/solution/.autopilot/db/a.o.3 
INFO: [HLS 200-100] Execute           is_encrypted /local/ssd/home/mattfel/machsuite/gemm/ncubed/gemm_hls/solution/.autopilot/db/a.o.3.bc 
INFO: [HLS 200-100] Command           is_encrypted returned 0; 0 sec.
INFO: [HLS 200-100] Command         disassemble returned 0; 0.04 sec.
INFO: [HLS 200-111] Finished Architecture Synthesis Time (s): cpu = 00:00:07 ; elapsed = 00:00:04 . Memory (MB): peak = 469.961 ; gain = 140.586 ; free physical = 860244 ; free virtual = 996761
INFO: [HLS 200-0] Finish building internal data model.
INFO: [HLS 200-100] Command       opt_and_import_c returned 0; 2.28 sec.
INFO: [HLS 200-100] Command     elaborate returned 0; 3.92 sec.
INFO: [HLS 200-100] Execute     autosyn 
INFO: [HLS 200-10] Starting hardware synthesis ...
INFO: [HLS 200-0] Synthesizing C/C++ design ...
INFO: [HLS 200-10] Synthesizing 'gemm' ...
INFO: [HLS 200-100] Execute       ap_set_top_model gemm 
INFO: [HLS 200-100] Command       ap_set_top_model returned 0; 0 sec.
INFO: [HLS 200-100] Execute       get_model_list gemm -filter all-wo-channel -topdown 
INFO: [HLS 200-100] Command       get_model_list returned 0; 0 sec.
INFO: [HLS 200-100] Execute       preproc_iomode -model gemm 
INFO: [HLS 200-100] Command       preproc_iomode returned 0; 0 sec.
INFO: [HLS 200-100] Execute       get_model_list gemm -filter all-wo-channel 
INFO: [HLS 200-100] Command       get_model_list returned 0; 0 sec.
INFO: [HLS 200-0] Model list for configure: gemm
INFO: [HLS 200-0] Configuring Module : gemm ...
INFO: [HLS 200-100] Execute       set_default_model gemm 
INFO: [HLS 200-100] Command       set_default_model returned 0; 0 sec.
INFO: [HLS 200-100] Execute       apply_spec_resource_limit gemm 
INFO: [HLS 200-100] Command       apply_spec_resource_limit returned 0; 0 sec.
INFO: [HLS 200-0] Model list for preprocess: gemm
INFO: [HLS 200-0] Preprocessing Module: gemm ...
INFO: [HLS 200-100] Execute       set_default_model gemm 
INFO: [HLS 200-100] Command       set_default_model returned 0; 0 sec.
INFO: [HLS 200-100] Execute       cdfg_preprocess -model gemm 
WARNING: [SYN 201-303] Cannot apply functional unit assignment of 'Mul' (gemm.c:15) on 'dmul' operation ('mult', gemm.c:15) due to incompatible operation sets.
WARNING: [SYN 201-303] Cannot apply functional unit assignment of 'Mul' (gemm.c:15) on 'dmul' operation ('mult_1', gemm.c:15) due to incompatible operation sets.
WARNING: [SYN 201-303] Cannot apply functional unit assignment of 'Mul' (gemm.c:15) on 'dmul' operation ('mult_2', gemm.c:15) due to incompatible operation sets.
WARNING: [SYN 201-303] Cannot apply functional unit assignment of 'Mul' (gemm.c:15) on 'dmul' operation ('mult_3', gemm.c:15) due to incompatible operation sets.
WARNING: [SYN 201-303] Cannot apply functional unit assignment of 'Mul' (gemm.c:15) on 'dmul' operation ('mult_4', gemm.c:15) due to incompatible operation sets.
WARNING: [SYN 201-303] Cannot apply functional unit assignment of 'Mul' (gemm.c:15) on 'dmul' operation ('mult_5', gemm.c:15) due to incompatible operation sets.
WARNING: [SYN 201-303] Cannot apply functional unit assignment of 'Mul' (gemm.c:15) on 'dmul' operation ('mult_6', gemm.c:15) due to incompatible operation sets.
WARNING: [SYN 201-303] Cannot apply functional unit assignment of 'Mul' (gemm.c:15) on 'dmul' operation ('mult_7', gemm.c:15) due to incompatible operation sets.
WARNING: [SYN 201-303] Cannot apply functional unit assignment of 'Mul' (gemm.c:15) on 'dmul' operation ('mult_8', gemm.c:15) due to incompatible operation sets.
WARNING: [SYN 201-303] Cannot apply functional unit assignment of 'Mul' (gemm.c:15) on 'dmul' operation ('mult_9', gemm.c:15) due to incompatible operation sets.
WARNING: [SYN 201-303] Cannot apply functional unit assignment of 'Mul' (gemm.c:15) on 'dmul' operation ('mult_s', gemm.c:15) due to incompatible operation sets.
WARNING: [SYN 201-303] Cannot apply functional unit assignment of 'Mul' (gemm.c:15) on 'dmul' operation ('mult_10', gemm.c:15) due to incompatible operation sets.
WARNING: [SYN 201-303] Cannot apply functional unit assignment of 'Mul' (gemm.c:15) on 'dmul' operation ('mult_11', gemm.c:15) due to incompatible operation sets.
WARNING: [SYN 201-303] Cannot apply functional unit assignment of 'Mul' (gemm.c:15) on 'dmul' operation ('mult_12', gemm.c:15) due to incompatible operation sets.
WARNING: [SYN 201-303] Cannot apply functional unit assignment of 'Mul' (gemm.c:15) on 'dmul' operation ('mult_13', gemm.c:15) due to incompatible operation sets.
WARNING: [SYN 201-303] Cannot apply functional unit assignment of 'Mul' (gemm.c:15) on 'dmul' operation ('mult_14', gemm.c:15) due to incompatible operation sets.
WARNING: [SYN 201-303] Cannot apply functional unit assignment of 'Mul' (gemm.c:15) on 'dmul' operation ('mult_15', gemm.c:15) due to incompatible operation sets.
WARNING: [SYN 201-303] Cannot apply functional unit assignment of 'Mul' (gemm.c:15) on 'dmul' operation ('mult_16', gemm.c:15) due to incompatible operation sets.
WARNING: [SYN 201-303] Cannot apply functional unit assignment of 'Mul' (gemm.c:15) on 'dmul' operation ('mult_17', gemm.c:15) due to incompatible operation sets.
WARNING: [SYN 201-303] Cannot apply functional unit assignment of 'Mul' (gemm.c:15) on 'dmul' operation ('mult_18', gemm.c:15) due to incompatible operation sets.
WARNING: [SYN 201-303] Cannot apply functional unit assignment of 'Mul' (gemm.c:15) on 'dmul' operation ('mult_19', gemm.c:15) due to incompatible operation sets.
WARNING: [SYN 201-303] Cannot apply functional unit assignment of 'Mul' (gemm.c:15) on 'dmul' operation ('mult_20', gemm.c:15) due to incompatible operation sets.
WARNING: [SYN 201-303] Cannot apply functional unit assignment of 'Mul' (gemm.c:15) on 'dmul' operation ('mult_21', gemm.c:15) due to incompatible operation sets.
WARNING: [SYN 201-303] Cannot apply functional unit assignment of 'Mul' (gemm.c:15) on 'dmul' operation ('mult_22', gemm.c:15) due to incompatible operation sets.
WARNING: [SYN 201-303] Cannot apply functional unit assignment of 'Mul' (gemm.c:15) on 'dmul' operation ('mult_23', gemm.c:15) due to incompatible operation sets.
WARNING: [SYN 201-303] Cannot apply functional unit assignment of 'Mul' (gemm.c:15) on 'dmul' operation ('mult_24', gemm.c:15) due to incompatible operation sets.
WARNING: [SYN 201-303] Cannot apply functional unit assignment of 'Mul' (gemm.c:15) on 'dmul' operation ('mult_25', gemm.c:15) due to incompatible operation sets.
WARNING: [SYN 201-303] Cannot apply functional unit assignment of 'Mul' (gemm.c:15) on 'dmul' operation ('mult_26', gemm.c:15) due to incompatible operation sets.
WARNING: [SYN 201-303] Cannot apply functional unit assignment of 'Mul' (gemm.c:15) on 'dmul' operation ('mult_27', gemm.c:15) due to incompatible operation sets.
WARNING: [SYN 201-303] Cannot apply functional unit assignment of 'Mul' (gemm.c:15) on 'dmul' operation ('mult_28', gemm.c:15) due to incompatible operation sets.
WARNING: [SYN 201-303] Cannot apply functional unit assignment of 'Mul' (gemm.c:15) on 'dmul' operation ('mult_29', gemm.c:15) due to incompatible operation sets.
WARNING: [SYN 201-303] Cannot apply functional unit assignment of 'Mul' (gemm.c:15) on 'dmul' operation ('mult_30', gemm.c:15) due to incompatible operation sets.
WARNING: [SYN 201-303] Cannot apply functional unit assignment of 'Mul' (gemm.c:15) on 'dmul' operation ('mult_31', gemm.c:15) due to incompatible operation sets.
WARNING: [SYN 201-303] Cannot apply functional unit assignment of 'Mul' (gemm.c:15) on 'dmul' operation ('mult_32', gemm.c:15) due to incompatible operation sets.
WARNING: [SYN 201-303] Cannot apply functional unit assignment of 'Mul' (gemm.c:15) on 'dmul' operation ('mult_33', gemm.c:15) due to incompatible operation sets.
WARNING: [SYN 201-303] Cannot apply functional unit assignment of 'Mul' (gemm.c:15) on 'dmul' operation ('mult_34', gemm.c:15) due to incompatible operation sets.
WARNING: [SYN 201-303] Cannot apply functional unit assignment of 'Mul' (gemm.c:15) on 'dmul' operation ('mult_35', gemm.c:15) due to incompatible operation sets.
WARNING: [SYN 201-303] Cannot apply functional unit assignment of 'Mul' (gemm.c:15) on 'dmul' operation ('mult_36', gemm.c:15) due to incompatible operation sets.
WARNING: [SYN 201-303] Cannot apply functional unit assignment of 'Mul' (gemm.c:15) on 'dmul' operation ('mult_37', gemm.c:15) due to incompatible operation sets.
WARNING: [SYN 201-303] Cannot apply functional unit assignment of 'Mul' (gemm.c:15) on 'dmul' operation ('mult_38', gemm.c:15) due to incompatible operation sets.
WARNING: [SYN 201-303] Cannot apply functional unit assignment of 'Mul' (gemm.c:15) on 'dmul' operation ('mult_39', gemm.c:15) due to incompatible operation sets.
WARNING: [SYN 201-303] Cannot apply functional unit assignment of 'Mul' (gemm.c:15) on 'dmul' operation ('mult_40', gemm.c:15) due to incompatible operation sets.
WARNING: [SYN 201-303] Cannot apply functional unit assignment of 'Mul' (gemm.c:15) on 'dmul' operation ('mult_41', gemm.c:15) due to incompatible operation sets.
WARNING: [SYN 201-303] Cannot apply functional unit assignment of 'Mul' (gemm.c:15) on 'dmul' operation ('mult_42', gemm.c:15) due to incompatible operation sets.
WARNING: [SYN 201-303] Cannot apply functional unit assignment of 'Mul' (gemm.c:15) on 'dmul' operation ('mult_43', gemm.c:15) due to incompatible operation sets.
WARNING: [SYN 201-303] Cannot apply functional unit assignment of 'Mul' (gemm.c:15) on 'dmul' operation ('mult_44', gemm.c:15) due to incompatible operation sets.
WARNING: [SYN 201-303] Cannot apply functional unit assignment of 'Mul' (gemm.c:15) on 'dmul' operation ('mult_45', gemm.c:15) due to incompatible operation sets.
WARNING: [SYN 201-303] Cannot apply functional unit assignment of 'Mul' (gemm.c:15) on 'dmul' operation ('mult_46', gemm.c:15) due to incompatible operation sets.
WARNING: [SYN 201-303] Cannot apply functional unit assignment of 'Mul' (gemm.c:15) on 'dmul' operation ('mult_47', gemm.c:15) due to incompatible operation sets.
WARNING: [SYN 201-303] Cannot apply functional unit assignment of 'Mul' (gemm.c:15) on 'dmul' operation ('mult_48', gemm.c:15) due to incompatible operation sets.
WARNING: [SYN 201-303] Cannot apply functional unit assignment of 'Mul' (gemm.c:15) on 'dmul' operation ('mult_49', gemm.c:15) due to incompatible operation sets.
WARNING: [SYN 201-303] Cannot apply functional unit assignment of 'Mul' (gemm.c:15) on 'dmul' operation ('mult_50', gemm.c:15) due to incompatible operation sets.
WARNING: [SYN 201-303] Cannot apply functional unit assignment of 'Mul' (gemm.c:15) on 'dmul' operation ('mult_51', gemm.c:15) due to incompatible operation sets.
WARNING: [SYN 201-303] Cannot apply functional unit assignment of 'Mul' (gemm.c:15) on 'dmul' operation ('mult_52', gemm.c:15) due to incompatible operation sets.
WARNING: [SYN 201-303] Cannot apply functional unit assignment of 'Mul' (gemm.c:15) on 'dmul' operation ('mult_53', gemm.c:15) due to incompatible operation sets.
WARNING: [SYN 201-303] Cannot apply functional unit assignment of 'Mul' (gemm.c:15) on 'dmul' operation ('mult_54', gemm.c:15) due to incompatible operation sets.
WARNING: [SYN 201-303] Cannot apply functional unit assignment of 'Mul' (gemm.c:15) on 'dmul' operation ('mult_55', gemm.c:15) due to incompatible operation sets.
WARNING: [SYN 201-303] Cannot apply functional unit assignment of 'Mul' (gemm.c:15) on 'dmul' operation ('mult_56', gemm.c:15) due to incompatible operation sets.
WARNING: [SYN 201-303] Cannot apply functional unit assignment of 'Mul' (gemm.c:15) on 'dmul' operation ('mult_57', gemm.c:15) due to incompatible operation sets.
WARNING: [SYN 201-303] Cannot apply functional unit assignment of 'Mul' (gemm.c:15) on 'dmul' operation ('mult_58', gemm.c:15) due to incompatible operation sets.
WARNING: [SYN 201-303] Cannot apply functional unit assignment of 'Mul' (gemm.c:15) on 'dmul' operation ('mult_59', gemm.c:15) due to incompatible operation sets.
WARNING: [SYN 201-303] Cannot apply functional unit assignment of 'Mul' (gemm.c:15) on 'dmul' operation ('mult_60', gemm.c:15) due to incompatible operation sets.
WARNING: [SYN 201-303] Cannot apply functional unit assignment of 'Mul' (gemm.c:15) on 'dmul' operation ('mult_61', gemm.c:15) due to incompatible operation sets.
WARNING: [SYN 201-303] Cannot apply functional unit assignment of 'Mul' (gemm.c:15) on 'dmul' operation ('mult_62', gemm.c:15) due to incompatible operation sets.
INFO: [HLS 200-100] Command       cdfg_preprocess returned 0; 0.01 sec.
INFO: [HLS 200-100] Execute       rtl_gen_preprocess gemm 
INFO: [HLS 200-100] Command       rtl_gen_preprocess returned 0; 0 sec.
INFO: [HLS 200-0] Model list for synthesis: gemm
INFO: [HLS 200-10] ----------------------------------------------------------------
INFO: [HLS 200-10] -- Implementing module 'gemm' 
INFO: [HLS 200-10] ----------------------------------------------------------------
INFO: [HLS 200-100] Execute       set_default_model gemm 
INFO: [HLS 200-100] Command       set_default_model returned 0; 0 sec.
INFO: [HLS 200-100] Execute       schedule -model gemm 
INFO: [SCHED 204-11] Starting scheduling ...
INFO: [SCHED 204-61] Pipelining loop 'outer_middle'.
WARNING: [SCHED 204-69] Unable to schedule 'load' operation ('m1_load_2', gemm.c:15) on array 'm1' due to limited memory ports.
INFO: [SCHED 204-61] Pipelining result: Target II: 1, Final II: 32, Depth: 267.
INFO: [SCHED 204-11] Finished scheduling.
INFO: [HLS 200-100] Command       schedule returned 0; 2.09 sec.
INFO: [HLS 200-111]  Elapsed time: 6.56 seconds; current allocated memory: 67.308 MB.
INFO: [HLS 200-100] Execute       report -o /local/ssd/home/mattfel/machsuite/gemm/ncubed/gemm_hls/solution/.autopilot/db/gemm.verbose.sched.rpt -verbose -f 
INFO: [HLS 200-100] Command       report returned 0; 0.19 sec.
INFO: [HLS 200-100] Execute       db_write -o /local/ssd/home/mattfel/machsuite/gemm/ncubed/gemm_hls/solution/.autopilot/db/gemm.sched.adb -f 
INFO: [HLS 200-100] Command       db_write returned 0; 0.07 sec.
INFO: [HLS 200-0] Finish scheduling gemm.
INFO: [HLS 200-100] Execute       set_default_model gemm 
INFO: [HLS 200-100] Command       set_default_model returned 0; 0 sec.
INFO: [HLS 200-100] Execute       bind -model gemm 
INFO: [BIND 205-110] clear=
INFO: [BIND 205-110] debug=
INFO: [BIND 205-110] drf=
INFO: [BIND 205-110] effort=
INFO: [BIND 205-110] fast_refine=
INFO: [BIND 205-110] fu_weight=[ 0.0 -- 1.0 ]
INFO: [BIND 205-110] global_opt=
INFO: [BIND 205-110] gsearch=
INFO: [BIND 205-110] help=
INFO: [BIND 205-110] help-hidden=
INFO: [BIND 205-110] min_mem_port=
INFO: [BIND 205-110] min_op=
INFO: [BIND 205-110] minreg=
INFO: [BIND 205-110] ml=
INFO: [BIND 205-110] model=gemm
INFO: [BIND 205-110] no_false_path=
INFO: [BIND 205-110] no_min_op=
INFO: [BIND 205-110] normalize=
INFO: [BIND 205-110] quiet=
INFO: [BIND 205-110] refine=
INFO: [BIND 205-110] reg_weight=[ 0.0 -- 1.0 ]
INFO: [BIND 205-110] search=
INFO: [BIND 205-110] tight_delay=
INFO: [BIND 205-110] verbose=
INFO: [BIND 205-110] wFF=
INFO: [BIND 205-110] wFU=
INFO: [BIND 205-110] wMUX=
INFO: [BIND 205-110] wNET=
INFO: [BIND 205-100] Starting micro-architecture generation ...
INFO: [BIND 205-101] Performing variable lifetime analysis.
INFO: [BIND 205-101] Exploring resource sharing.
INFO: [BIND 205-101] Binding ...
INFO: [BIND 205-100] Finished micro-architecture generation.
INFO: [HLS 200-100] Command       bind returned 0; 0.3 sec.
INFO: [HLS 200-111]  Elapsed time: 0.56 seconds; current allocated memory: 71.363 MB.
INFO: [HLS 200-100] Execute       report -o /local/ssd/home/mattfel/machsuite/gemm/ncubed/gemm_hls/solution/.autopilot/db/gemm.verbose.bind.rpt -verbose -f 
INFO: [HLS 200-100] Command       report returned 0; 0.18 sec.
INFO: [HLS 200-100] Execute       db_write -o /local/ssd/home/mattfel/machsuite/gemm/ncubed/gemm_hls/solution/.autopilot/db/gemm.bind.adb -f 
INFO: [HLS 200-100] Command       db_write returned 0; 0.08 sec.
INFO: [HLS 200-0] Finish binding gemm.
INFO: [HLS 200-100] Execute       get_model_list gemm -filter all-wo-channel 
INFO: [HLS 200-100] Command       get_model_list returned 0; 0 sec.
INFO: [HLS 200-0] Preprocessing for RTLGen ...
INFO: [HLS 200-100] Execute       rtl_gen_preprocess gemm 
INFO: [HLS 200-100] Command       rtl_gen_preprocess returned 0; 0 sec.
INFO: [HLS 200-0] Model list for RTL generation: gemm
INFO: [HLS 200-10] ----------------------------------------------------------------
INFO: [HLS 200-10] -- Generating RTL for module 'gemm' 
INFO: [HLS 200-10] ----------------------------------------------------------------
INFO: [HLS 200-100] Execute       create_rtl_model gemm -vendor xilinx -mg_file /local/ssd/home/mattfel/machsuite/gemm/ncubed/gemm_hls/solution/.autopilot/db/gemm.compgen.tcl 
INFO: [RTGEN 206-500] Setting interface mode on port 'gemm/m1' to 'ap_memory'.
INFO: [RTGEN 206-500] Setting interface mode on port 'gemm/m2' to 'ap_memory'.
INFO: [RTGEN 206-500] Setting interface mode on port 'gemm/prod' to 'ap_memory'.
INFO: [RTGEN 206-500] Setting interface mode on function 'gemm' to 'ap_ctrl_hs'.
INFO: [SYN 201-210] Renamed object name 'gemm_dadd_64ns_64ns_64_4_full_dsp' to 'gemm_dadd_64ns_64bkb' due to the length limit 20
INFO: [SYN 201-210] Renamed object name 'gemm_dmul_64ns_64ns_64_5_max_dsp' to 'gemm_dmul_64ns_64cud' due to the length limit 20
INFO: [RTGEN 206-100] Generating core module 'gemm_dadd_64ns_64bkb': 2 instance(s).
INFO: [RTGEN 206-100] Generating core module 'gemm_dmul_64ns_64cud': 2 instance(s).
INFO: [RTGEN 206-100] Finished creating RTL model for 'gemm'.
INFO: [HLS 200-100] Command       create_rtl_model returned 0; 0.22 sec.
INFO: [HLS 200-111]  Elapsed time: 0.48 seconds; current allocated memory: 76.030 MB.
INFO: [HLS 200-100] Execute       source /local/ssd/home/mattfel/machsuite/gemm/ncubed/gemm_hls/solution/.autopilot/db/gemm.rtl_wrap.cfg.tcl 
INFO: [HLS 200-100] Command       ap_source returned 0; 0 sec.
INFO: [HLS 200-100] Execute       gen_rtl gemm -istop -style xilinx -tracefl mytrace -tracefmt vcd -traceopt all -f -lang sc -o /local/ssd/home/mattfel/machsuite/gemm/ncubed/gemm_hls/solution/syn/systemc/gemm -synmodules gemm 
INFO: [HLS 200-100] Command       gen_rtl returned 0; 0.02 sec.
INFO: [HLS 200-100] Execute       gen_rtl gemm -istop -style xilinx -f -lang vhdl -o /local/ssd/home/mattfel/machsuite/gemm/ncubed/gemm_hls/solution/syn/vhdl/gemm 
INFO: [HLS 200-100] Command       gen_rtl returned 0; 0.18 sec.
INFO: [HLS 200-100] Execute       gen_rtl gemm -istop -style xilinx -f -lang vlog -o /local/ssd/home/mattfel/machsuite/gemm/ncubed/gemm_hls/solution/syn/verilog/gemm 
INFO: [HLS 200-100] Command       gen_rtl returned 0; 0.1 sec.
INFO: [HLS 200-100] Execute       export_constraint_db -o /local/ssd/home/mattfel/machsuite/gemm/ncubed/gemm_hls/solution/.autopilot/db/gemm.constraint.tcl -f -tool general 
INFO: [HLS 200-100] Command       export_constraint_db returned 0; 0 sec.
INFO: [HLS 200-100] Execute       report -model gemm -o /local/ssd/home/mattfel/machsuite/gemm/ncubed/gemm_hls/solution/.autopilot/db/gemm.design.xml -verbose -f -dv 
INFO: [HLS 200-100] Command       report returned 0; 0.18 sec.
INFO: [HLS 200-100] Execute       report -model gemm -o /local/ssd/home/mattfel/machsuite/gemm/ncubed/gemm_hls/solution/.autopilot/db/gemm.sdaccel.xml -verbose -f -sdaccel 
INFO: [HLS 200-100] Command       report returned 0; 0.26 sec.
INFO: [HLS 200-100] Execute       gen_tb_info gemm -o /local/ssd/home/mattfel/machsuite/gemm/ncubed/gemm_hls/solution/.autopilot/db/gemm -p /local/ssd/home/mattfel/machsuite/gemm/ncubed/gemm_hls/solution/.autopilot/db 
INFO: [HLS 200-100] Command       gen_tb_info returned 0; 0 sec.
INFO: [HLS 200-100] Execute       report -model gemm -o /local/ssd/home/mattfel/machsuite/gemm/ncubed/gemm_hls/solution/syn/report/gemm_csynth.rpt -f 
INFO: [HLS 200-100] Command       report returned 0; 0.09 sec.
INFO: [HLS 200-100] Execute       report -model gemm -o /local/ssd/home/mattfel/machsuite/gemm/ncubed/gemm_hls/solution/syn/report/gemm_csynth.xml -f -x 
INFO: [HLS 200-100] Command       report returned 0; 0.08 sec.
INFO: [HLS 200-100] Execute       report -model gemm -o /local/ssd/home/mattfel/machsuite/gemm/ncubed/gemm_hls/solution/.autopilot/db/gemm.verbose.rpt -verbose -f 
INFO: [HLS 200-100] Command       report returned 0; 0.25 sec.
INFO: [HLS 200-100] Execute       db_write -model gemm -o /local/ssd/home/mattfel/machsuite/gemm/ncubed/gemm_hls/solution/.autopilot/db/gemm.adb -f 
INFO: [HLS 200-100] Command       db_write returned 0; 0.16 sec.
INFO: [HLS 200-100] Execute       sc_get_clocks gemm 
INFO: [HLS 200-100] Command       sc_get_clocks returned 0; 0 sec.
INFO: [HLS 200-100] Execute       sc_get_portdomain gemm 
INFO: [HLS 200-100] Command       sc_get_portdomain returned 0; 0 sec.
INFO: [HLS 200-0] Model list for RTL component generation: gemm
INFO: [HLS 200-0] Handling components in module [gemm] ... 
INFO: [HLS 200-100] Execute       source /local/ssd/home/mattfel/machsuite/gemm/ncubed/gemm_hls/solution/.autopilot/db/gemm.compgen.tcl 
INFO: [HLS 200-0] Found component gemm_dadd_64ns_64bkb.
INFO: [HLS 200-0] Append model gemm_dadd_64ns_64bkb
INFO: [HLS 200-0] Found component gemm_dmul_64ns_64cud.
INFO: [HLS 200-0] Append model gemm_dmul_64ns_64cud
INFO: [HLS 200-100] Command       ap_source returned 0; 0 sec.
INFO: [HLS 200-0] Append model gemm
INFO: [HLS 200-0] Generating RTL model list ...
INFO: [HLS 200-0] All models in this session: gemm_dadd_64ns_64bkb gemm_dmul_64ns_64cud gemm
INFO: [HLS 200-0] To file: write model gemm_dadd_64ns_64bkb
INFO: [HLS 200-0] To file: write model gemm_dmul_64ns_64cud
INFO: [HLS 200-0] To file: write model gemm
INFO: [HLS 200-0] Finished generating RTL model list.


INFO: [HLS 200-0] RTL Generation done.
INFO: [HLS 200-0] CAS Generation done.
INFO: [HLS 200-0] CBC Generation done.
INFO: [HLS 200-100] Execute       export_ssdm /local/ssd/home/mattfel/machsuite/gemm/ncubed/gemm_hls/solution/.autopilot/db/a.export.ll 
INFO: [HLS 200-100] Command       export_ssdm returned 0; 0 sec.
INFO: [HLS 200-100] Execute       source /local/ssd/home/mattfel/machsuite/gemm/ncubed/gemm_hls/solution/.autopilot/db/global.setting.tcl 
INFO: [HLS 200-100] Command       ap_source returned 0; 0 sec.
INFO: [HLS 200-100] Execute       source /opt/Xilinx/Vivado_HLS/2017.1/common/technology/generic/autopilot/common.gen 
INFO: [HLS 200-100] Execute         source /opt/Xilinx/Vivado_HLS/2017.1/common/technology/generic/autopilot/APCoreGen.gen 
INFO: [HLS 200-100] Command         ap_source returned 0; 0 sec.
INFO: [HLS 200-100] Command       ap_source returned 0; 0 sec.
INFO: [HLS 200-100] Execute       source /opt/Xilinx/Vivado_HLS/2017.1/common/technology/generic/autopilot/op.gen 
INFO: [HLS 200-100] Command       ap_source returned 0; 0 sec.
INFO: [HLS 200-100] Execute       source /opt/Xilinx/Vivado_HLS/2017.1/common/technology/generic/autopilot/op_simcore.gen 
INFO: [HLS 200-100] Command       ap_source returned 0; 0 sec.
INFO: [HLS 200-100] Execute       source /opt/Xilinx/Vivado_HLS/2017.1/common/technology/generic/autopilot/interface.gen 
INFO: [HLS 200-100] Command       ap_source returned 0; 0 sec.
INFO: [HLS 200-100] Execute       source /local/ssd/home/mattfel/machsuite/gemm/ncubed/gemm_hls/solution/.autopilot/db/global.setting.tcl 
INFO: [HLS 200-100] Command       ap_source returned 0; 0 sec.
INFO: [HLS 200-100] Execute       source /opt/Xilinx/Vivado_HLS/2017.1/common/technology/xilinx/virtex7/virtex7.gen 
INFO: [HLS 200-100] Execute         source /opt/Xilinx/Vivado_HLS/2017.1/common/technology/xilinx/common/virtex.gen 
INFO: [HLS 200-100] Execute           source /opt/Xilinx/Vivado_HLS/2017.1/common/technology/xilinx/common/xilinx.gen 
INFO: [HLS 200-100] Execute             source /opt/Xilinx/Vivado_HLS/2017.1/common/technology/xilinx/interface/plb46.gen 
INFO: [HLS 200-100] Command             ap_source returned 0; 0 sec.
INFO: [HLS 200-100] Execute             source /opt/Xilinx/Vivado_HLS/2017.1/common/technology/xilinx/interface/fsl.gen 
INFO: [HLS 200-100] Command             ap_source returned 0; 0 sec.
INFO: [HLS 200-100] Execute             source /opt/Xilinx/Vivado_HLS/2017.1/common/technology/xilinx/interface/axi4.gen 
INFO: [HLS 200-100] Command             ap_source returned 0; 0.01 sec.
INFO: [HLS 200-100] Execute             source /opt/Xilinx/Vivado_HLS/2017.1/common/technology/xilinx/interface/nativeAXI4.gen 
INFO: [HLS 200-100] Execute               source /opt/Xilinx/Vivado_HLS/2017.1/common/technology/xilinx/interface/saxilite.gen 
INFO: [HLS 200-100] Command               ap_source returned 0; 0 sec.
INFO: [HLS 200-100] Execute               source /opt/Xilinx/Vivado_HLS/2017.1/common/technology/xilinx/interface/maxi.gen 
INFO: [HLS 200-100] Command               ap_source returned 0; 0.01 sec.
INFO: [HLS 200-100] Command             ap_source returned 0; 0.01 sec.
INFO: [HLS 200-100] Execute             source /opt/Xilinx/Vivado_HLS/2017.1/common/technology/xilinx/scripts/xilinxcoregen.gen 
INFO: [HLS 200-100] Command             ap_source returned 0; 0 sec.
INFO: [HLS 200-100] Execute             source /opt/Xilinx/Vivado_HLS/2017.1/common/technology/xilinx/interface/XilEDKCoreGen.gen 
INFO: [HLS 200-100] Command             ap_source returned 0; 0.01 sec.
INFO: [HLS 200-100] Execute             source /opt/Xilinx/Vivado_HLS/2017.1/common/technology/xilinx/ip/xfft.gen 
INFO: [HLS 200-100] Command             ap_source returned 0; 0.08 sec.
INFO: [HLS 200-100] Execute             source /opt/Xilinx/Vivado_HLS/2017.1/common/technology/xilinx/ip/dds_compiler.gen 
INFO: [HLS 200-100] Command             ap_source returned 0; 0 sec.
INFO: [HLS 200-100] Execute             source /opt/Xilinx/Vivado_HLS/2017.1/common/technology/xilinx/ip/util.gen 
INFO: [HLS 200-100] Command             ap_source returned 0; 0 sec.
INFO: [HLS 200-100] Execute             source /opt/Xilinx/Vivado_HLS/2017.1/common/technology/xilinx/ip/xfir.gen 
INFO: [HLS 200-100] Command             ap_source returned 0; 0 sec.
INFO: [HLS 200-100] Command           ap_source returned 0; 0.11 sec.
INFO: [HLS 200-100] Execute           source /opt/Xilinx/Vivado_HLS/2017.1/common/technology/xilinx/common/dsp48.gen 
INFO: [HLS 200-100] Command           ap_source returned 0; 0 sec.
INFO: [HLS 200-100] Command         ap_source returned 0; 0.12 sec.
INFO: [HLS 200-100] Command       ap_source returned 0; 0.12 sec.
INFO: [HLS 200-100] Execute       source /opt/Xilinx/Vivado_HLS/2017.1/common/technology/xilinx/virtex7/virtex7_fpv6.gen 
INFO: [HLS 200-100] Execute         source /opt/Xilinx/Vivado_HLS/2017.1/common/technology/xilinx/common/xilinx_fpv6.gen 
INFO: [HLS 200-100] Command         ap_source returned 0; 0 sec.
INFO: [HLS 200-100] Command       ap_source returned 0; 0 sec.
INFO: [HLS 200-100] Execute       source /local/ssd/home/mattfel/machsuite/gemm/ncubed/gemm_hls/solution/.autopilot/db/global.setting.tcl 
INFO: [HLS 200-100] Command       ap_source returned 0; 0 sec.
INFO: [HLS 200-100] Execute       source /local/ssd/home/mattfel/machsuite/gemm/ncubed/gemm_hls/solution/.autopilot/db/global.setting.tcl 
INFO: [HLS 200-100] Command       ap_source returned 0; 0 sec.
INFO: [HLS 200-100] Execute       source /local/ssd/home/mattfel/machsuite/gemm/ncubed/gemm_hls/solution/.autopilot/db/global.setting.tcl 
INFO: [HLS 200-100] Command       ap_source returned 0; 0 sec.
INFO: [HLS 200-100] Execute       source /local/ssd/home/mattfel/machsuite/gemm/ncubed/gemm_hls/solution/.autopilot/db/global.setting.tcl 
INFO: [HLS 200-100] Command       ap_source returned 0; 0 sec.
INFO: [HLS 200-100] Execute       source /local/ssd/home/mattfel/machsuite/gemm/ncubed/gemm_hls/solution/.autopilot/db/gemm.compgen.tcl 
INFO: [HLS 200-100] Command       ap_source returned 0; 0.02 sec.
INFO: [HLS 200-111] Finished generating all RTL models Time (s): cpu = 00:00:11 ; elapsed = 00:00:09 . Memory (MB): peak = 469.961 ; gain = 140.586 ; free physical = 861377 ; free virtual = 997903
INFO: [SYSC 207-301] Generating SystemC RTL for gemm.
INFO: [VHDL 208-304] Generating VHDL RTL for gemm.
INFO: [VLOG 209-307] Generating Verilog RTL for gemm.
INFO: [HLS 200-100] Command     autosyn returned 0; 4.75 sec.
INFO: [HLS 200-100] Command   csynth_design returned 0; 8.67 sec.
INFO: [HLS 200-100] Execute   cosim_design -rtl verilog -tool xsim -trace_level all 
INFO: [HLS 200-100] Execute     source /local/ssd/home/mattfel/machsuite/gemm/ncubed/gemm_hls/solution/.autopilot/db/global.setting.tcl 
INFO: [HLS 200-100] Command     ap_source returned 0; 0 sec.
INFO: [HLS 200-100] Execute     source /local/ssd/home/mattfel/machsuite/gemm/ncubed/gemm_hls/solution/.autopilot/db/global.setting.tcl 
INFO: [HLS 200-100] Command     ap_source returned 0; 0 sec.
INFO: [HLS 200-100] Execute     source /local/ssd/home/mattfel/machsuite/gemm/ncubed/gemm_hls/solution/.autopilot/db/global.setting.tcl 
INFO: [HLS 200-100] Command     ap_source returned 0; 0 sec.
INFO: [HLS 200-100] Execute     source /opt/Xilinx/Vivado_HLS/2017.1/common/technology/generic/autopilot/common.gen 
INFO: [HLS 200-100] Execute       source /opt/Xilinx/Vivado_HLS/2017.1/common/technology/generic/autopilot/APCoreGen.gen 
INFO: [HLS 200-100] Command       ap_source returned 0; 0 sec.
INFO: [HLS 200-100] Command     ap_source returned 0; 0 sec.
INFO: [HLS 200-100] Execute     source /opt/Xilinx/Vivado_HLS/2017.1/common/technology/generic/autopilot/op.gen 
INFO: [HLS 200-100] Command     ap_source returned 0; 0 sec.
INFO: [HLS 200-100] Execute     source /opt/Xilinx/Vivado_HLS/2017.1/common/technology/generic/autopilot/op_simcore.gen 
INFO: [HLS 200-100] Command     ap_source returned 0; 0 sec.
INFO: [HLS 200-100] Execute     source /opt/Xilinx/Vivado_HLS/2017.1/common/technology/generic/autopilot/interface.gen 
INFO: [HLS 200-100] Command     ap_source returned 0; 0 sec.
INFO: [HLS 200-100] Execute     source /local/ssd/home/mattfel/machsuite/gemm/ncubed/gemm_hls/solution/.autopilot/db/global.setting.tcl 
INFO: [HLS 200-100] Command     ap_source returned 0; 0 sec.
INFO: [HLS 200-100] Execute     source /opt/Xilinx/Vivado_HLS/2017.1/common/technology/xilinx/virtex7/virtex7.gen 
INFO: [HLS 200-100] Execute       source /opt/Xilinx/Vivado_HLS/2017.1/common/technology/xilinx/common/virtex.gen 
INFO: [HLS 200-100] Execute         source /opt/Xilinx/Vivado_HLS/2017.1/common/technology/xilinx/common/xilinx.gen 
INFO: [HLS 200-100] Execute           source /opt/Xilinx/Vivado_HLS/2017.1/common/technology/xilinx/interface/plb46.gen 
INFO: [HLS 200-100] Command           ap_source returned 0; 0 sec.
INFO: [HLS 200-100] Execute           source /opt/Xilinx/Vivado_HLS/2017.1/common/technology/xilinx/interface/fsl.gen 
INFO: [HLS 200-100] Command           ap_source returned 0; 0 sec.
INFO: [HLS 200-100] Execute           source /opt/Xilinx/Vivado_HLS/2017.1/common/technology/xilinx/interface/axi4.gen 
INFO: [HLS 200-100] Command           ap_source returned 0; 0 sec.
INFO: [HLS 200-100] Execute           source /opt/Xilinx/Vivado_HLS/2017.1/common/technology/xilinx/interface/nativeAXI4.gen 
INFO: [HLS 200-100] Execute             source /opt/Xilinx/Vivado_HLS/2017.1/common/technology/xilinx/interface/saxilite.gen 
INFO: [HLS 200-100] Command             ap_source returned 0; 0 sec.
INFO: [HLS 200-100] Execute             source /opt/Xilinx/Vivado_HLS/2017.1/common/technology/xilinx/interface/maxi.gen 
INFO: [HLS 200-100] Command             ap_source returned 0; 0.01 sec.
INFO: [HLS 200-100] Command           ap_source returned 0; 0.01 sec.
INFO: [HLS 200-100] Execute           source /opt/Xilinx/Vivado_HLS/2017.1/common/technology/xilinx/scripts/xilinxcoregen.gen 
INFO: [HLS 200-100] Command           ap_source returned 0; 0.01 sec.
INFO: [HLS 200-100] Execute           source /opt/Xilinx/Vivado_HLS/2017.1/common/technology/xilinx/interface/XilEDKCoreGen.gen 
INFO: [HLS 200-100] Command           ap_source returned 0; 0.01 sec.
INFO: [HLS 200-100] Execute           source /opt/Xilinx/Vivado_HLS/2017.1/common/technology/xilinx/ip/xfft.gen 
INFO: [HLS 200-100] Command           ap_source returned 0; 0.07 sec.
INFO: [HLS 200-100] Execute           source /opt/Xilinx/Vivado_HLS/2017.1/common/technology/xilinx/ip/dds_compiler.gen 
INFO: [HLS 200-100] Command           ap_source returned 0; 0 sec.
INFO: [HLS 200-100] Execute           source /opt/Xilinx/Vivado_HLS/2017.1/common/technology/xilinx/ip/util.gen 
INFO: [HLS 200-100] Command           ap_source returned 0; 0 sec.
INFO: [HLS 200-100] Execute           source /opt/Xilinx/Vivado_HLS/2017.1/common/technology/xilinx/ip/xfir.gen 
INFO: [HLS 200-100] Command           ap_source returned 0; 0 sec.
INFO: [HLS 200-100] Command         ap_source returned 0; 0.1 sec.
INFO: [HLS 200-100] Execute         source /opt/Xilinx/Vivado_HLS/2017.1/common/technology/xilinx/common/dsp48.gen 
INFO: [HLS 200-100] Command         ap_source returned 0; 0 sec.
INFO: [HLS 200-100] Command       ap_source returned 0; 0.1 sec.
INFO: [HLS 200-100] Command     ap_source returned 0; 0.1 sec.
INFO: [HLS 200-100] Execute     source /opt/Xilinx/Vivado_HLS/2017.1/common/technology/xilinx/virtex7/virtex7_fpv6.gen 
INFO: [HLS 200-100] Execute       source /opt/Xilinx/Vivado_HLS/2017.1/common/technology/xilinx/common/xilinx_fpv6.gen 
INFO: [HLS 200-100] Command       ap_source returned 0; 0 sec.
INFO: [HLS 200-100] Command     ap_source returned 0; 0 sec.
INFO: [HLS 200-100] Execute     source /local/ssd/home/mattfel/machsuite/gemm/ncubed/gemm_hls/solution/.autopilot/db/global.setting.tcl 
INFO: [HLS 200-100] Command     ap_source returned 0; 0 sec.
INFO: [HLS 200-100] Execute     source /local/ssd/home/mattfel/machsuite/gemm/ncubed/gemm_hls/solution/.autopilot/db/gemm.rtl_wrap.cfg.tcl 
INFO: [HLS 200-100] Command     ap_source returned 0; 0 sec.
INFO: [HLS 200-100] Execute     source /local/ssd/home/mattfel/machsuite/gemm/ncubed/gemm_hls/solution/.autopilot/db/gemm.tbgen.tcl 
INFO: [HLS 200-100] Command     ap_source returned 0; 0 sec.
INFO: [HLS 200-100] Execute     is_encrypted /local/ssd/home/mattfel/machsuite/gemm/ncubed/local_support.c 
INFO: [HLS 200-100] Command     is_encrypted returned 0; 0 sec.
INFO: [HLS 200-100] Execute     is_encrypted /local/ssd/home/mattfel/machsuite/common/support.c 
INFO: [HLS 200-100] Command     is_encrypted returned 0; 0 sec.
INFO: [HLS 200-100] Execute     is_encrypted /local/ssd/home/mattfel/machsuite/common/harness.c 
INFO: [HLS 200-100] Command     is_encrypted returned 0; 0 sec.
INFO: [HLS 200-100] Execute     is_encrypted /local/ssd/home/mattfel/machsuite/gemm/ncubed/check.data 
INFO: [HLS 200-100] Command     is_encrypted returned 0; 0 sec.
INFO: [HLS 200-100] Execute     is_encrypted /local/ssd/home/mattfel/machsuite/gemm/ncubed/input.data 
INFO: [HLS 200-100] Command     is_encrypted returned 0; 0 sec.
INFO: [HLS 200-100] Execute     is_encrypted /local/ssd/home/mattfel/machsuite/gemm/ncubed/support.h 
INFO: [HLS 200-100] Command     is_encrypted returned 0; 0 sec.
INFO: [HLS 200-100] Execute     is_encrypted /local/ssd/home/mattfel/machsuite/gemm/ncubed/gemm.c 
INFO: [HLS 200-100] Command     is_encrypted returned 0; 0 sec.
INFO: [HLS 200-100] Execute     source /local/ssd/home/mattfel/machsuite/gemm/ncubed/gemm_hls/solution/.autopilot/db/gemm.tbgen.tcl 
INFO: [HLS 200-100] Command     ap_source returned 0; 0 sec.
INFO: [HLS 200-100] Execute     source /local/ssd/home/mattfel/machsuite/gemm/ncubed/gemm_hls/solution/.autopilot/db/gemm.tbgen.tcl 
INFO: [HLS 200-100] Command     ap_source returned 0; 0 sec.
INFO: [COSIM 212-47] Using XSIM for RTL simulation.
INFO: [COSIM 212-14] Instrumenting C test bench ...
INFO: [HLS 200-0] Marker-Pragma convertor: /local/ssd/home/mattfel/machsuite/gemm/ncubed/gemm_hls/solution/./sim/autowrap/testbench/local_support.c_pre.c /local/ssd/home/mattfel/machsuite/gemm/ncubed/gemm_hls/solution/./sim/autowrap/testbench/local_support.c_pre.c.line.c ./sim/autowrap/testbench/line.tmp 1
INFO: [HLS 200-0] Converting Markers to Pragmas...
ERROR: [COSIM 212-44] Input file: /local/ssd/home/mattfel/machsuite/gemm/ncubed/gemm_hls/solution/./sim/autowrap/testbench/local_support.c_pre.c.line.c
Output file: /local/ssd/home/mattfel/machsuite/gemm/ncubed/gemm_hls/solution/sim/autowrap/testbench/local_support.c_pre.c.tb.c.line
Done.
Picked up _JAVA_OPTIONS: -Xmx16g
INFO: [HLS 200-0] Marker-Pragma convertor: /local/ssd/home/mattfel/machsuite/gemm/ncubed/gemm_hls/solution/./sim/autowrap/testbench/support.c_pre.c /local/ssd/home/mattfel/machsuite/gemm/ncubed/gemm_hls/solution/./sim/autowrap/testbench/support.c_pre.c.line.c ./sim/autowrap/testbench/line.tmp 1
INFO: [HLS 200-0] Converting Markers to Pragmas...
ERROR: [COSIM 212-44] Input file: /local/ssd/home/mattfel/machsuite/gemm/ncubed/gemm_hls/solution/./sim/autowrap/testbench/support.c_pre.c.line.c
Output file: /local/ssd/home/mattfel/machsuite/gemm/ncubed/gemm_hls/solution/sim/autowrap/testbench/support.c_pre.c.tb.c.line
Done.
Picked up _JAVA_OPTIONS: -Xmx16g
INFO: [HLS 200-0] Marker-Pragma convertor: /local/ssd/home/mattfel/machsuite/gemm/ncubed/gemm_hls/solution/./sim/autowrap/testbench/harness.c_pre.c /local/ssd/home/mattfel/machsuite/gemm/ncubed/gemm_hls/solution/./sim/autowrap/testbench/harness.c_pre.c.line.c ./sim/autowrap/testbench/line.tmp 1
INFO: [HLS 200-0] Converting Markers to Pragmas...
ERROR: [COSIM 212-44] Input file: /local/ssd/home/mattfel/machsuite/gemm/ncubed/gemm_hls/solution/./sim/autowrap/testbench/harness.c_pre.c.line.c
Output file: /local/ssd/home/mattfel/machsuite/gemm/ncubed/gemm_hls/solution/sim/autowrap/testbench/harness.c_pre.c.tb.c.line
Done.
Picked up _JAVA_OPTIONS: -Xmx16g
INFO: [HLS 200-0] Marker-Pragma convertor: /local/ssd/home/mattfel/machsuite/gemm/ncubed/gemm_hls/solution/./sim/autowrap/testbench/gemm.c_pre.c /local/ssd/home/mattfel/machsuite/gemm/ncubed/gemm_hls/solution/./sim/autowrap/testbench/gemm.c_pre.c.line.c ./sim/autowrap/testbench/line.tmp 1
INFO: [HLS 200-0] Converting Markers to Pragmas...
ERROR: [COSIM 212-44] Input file: /local/ssd/home/mattfel/machsuite/gemm/ncubed/gemm_hls/solution/./sim/autowrap/testbench/gemm.c_pre.c.line.c
Output file: /local/ssd/home/mattfel/machsuite/gemm/ncubed/gemm_hls/solution/sim/autowrap/testbench/gemm.c_pre.c.tb.c.line
Done.
Picked up _JAVA_OPTIONS: -Xmx16g
INFO: [HLS 200-100] Execute     source /local/ssd/home/mattfel/machsuite/gemm/ncubed/gemm_hls/solution/./sim/autowrap/testbench/tb.status.tcl 
INFO: [HLS 200-100] Command     ap_source returned 0; 0 sec.
INFO: [HLS 200-100] Execute     source /local/ssd/home/mattfel/machsuite/gemm/ncubed/gemm_hls/solution/.autopilot/db/global.setting.tcl 
INFO: [HLS 200-100] Command     ap_source returned 0; 0 sec.
INFO: [HLS 200-100] Execute     source /local/ssd/home/mattfel/machsuite/gemm/ncubed/gemm_hls/solution/.autopilot/db/gemm.rtl_wrap.cfg.tcl 
INFO: [HLS 200-100] Command     ap_source returned 0; 0 sec.
INFO: [HLS 200-100] Execute     source /local/ssd/home/mattfel/machsuite/gemm/ncubed/gemm_hls/solution/.autopilot/db/gemm.rtl_wrap.cfg.tcl 
INFO: [HLS 200-100] Command     ap_source returned 0; 0 sec.
INFO: [HLS 200-100] Execute     source /local/ssd/home/mattfel/machsuite/gemm/ncubed/gemm_hls/solution/.autopilot/db/gemm.rtl_wrap.cfg.tcl 
INFO: [HLS 200-100] Command     ap_source returned 0; 0 sec.
INFO: [HLS 200-100] Execute     source /local/ssd/home/mattfel/machsuite/gemm/ncubed/gemm_hls/solution/.autopilot/db/gemm.tbgen.tcl 
INFO: [HLS 200-100] Command     ap_source returned 0; 0 sec.
INFO: [HLS 200-100] Execute     source /local/ssd/home/mattfel/machsuite/gemm/ncubed/gemm_hls/solution/.autopilot/db/gemm.tbgen.tcl 
INFO: [HLS 200-100] Command     ap_source returned 0; 0 sec.
INFO: [HLS 200-100] Execute     source /local/ssd/home/mattfel/machsuite/gemm/ncubed/gemm_hls/solution/.autopilot/db/gemm.rtl_wrap.cfg.tcl 
INFO: [HLS 200-100] Command     ap_source returned 0; 0 sec.
INFO: [HLS 200-100] Execute     source .run_sim.tcl 
INFO: [COSIM 212-302] Starting C TB testing ... 
ERROR: [COSIM 212-360] Aborting co-simulation: C TB simulation failed.
ERROR: [COSIM 212-320] C TB testing failed, stop generating test vectors. Please check C TB or re-run cosim.
INFO: [HLS 200-100] Command     ap_source returned 1; 0.16 sec.
ERROR: [COSIM 212-4] *** C/RTL co-simulation finished: FAIL ***
INFO: [HLS 200-100] Command   cosim_design returned 2; 8.9 sec.
INFO: [HLS 200-100] Command ap_source returned 1; 17.81 sec.
command 'ap_source' returned error code
    while executing
"source hls.tcl"
    invoked from within
"hls::main hls.tcl"
    ("uplevel" body line 1)
    invoked from within
"uplevel 1 hls::main {*}$args"
    (procedure "hls_proc" line 5)
    invoked from within
"hls_proc $argv"
INFO: [HLS 200-100] Execute cleanup_all 
INFO: [HLS 200-100] Command cleanup_all returned 0; 0.04 sec.
